<?xml version="1.0" encoding="UTF-8"?>
<testsuite xmlns:xsi="http://www.w3.org/2001/XMLSchema-instance" xsi:noNamespaceSchemaLocation="https://maven.apache.org/surefire/maven-surefire-plugin/xsd/surefire-test-report.xsd" name="es.codeurjc.ais.tictactoe.TicTacToeHandlerTest" time="91.816" tests="3" errors="1" skipped="0" failures="0">
  <properties>
[...]
</properties>
  <testcase name="SimulacionVictoriaJugador1" classname="es.codeurjc.ais.tictactoe.TicTacToeHandlerTest" time="31.784">
    <error message="Unable to locate element: #cell\-0&#10;For documentation on this error, please visit: http://seleniumhq.org/exceptions/no_such_element.html&#10;Build info: version: &apos;3.14.0&apos;, revision: &apos;aacccce0&apos;, time: &apos;2018-08-02T20:19:58.91Z&apos;&#10;System info: host: &apos;HP&apos;, ip: &apos;127.0.1.1&apos;, os.name: &apos;Linux&apos;, os.arch: &apos;amd64&apos;, os.version: &apos;5.4.0-37-generic&apos;, java.version: &apos;11.0.7&apos;&#10;Driver info: org.openqa.selenium.firefox.FirefoxDriver&#10;Capabilities {acceptInsecureCerts: true, browserName: firefox, browserVersion: 77.0.1, javascriptEnabled: true, moz:accessibilityChecks: false, moz:buildID: 20200602222727, moz:geckodriverVersion: 0.26.0, moz:headless: false, moz:processID: 30272, moz:profile: /tmp/rust_mozprofileCLqkdl, moz:shutdownTimeout: 60000, moz:useNonSpecCompliantPointerOrigin: false, moz:webdriverClick: true, pageLoadStrategy: normal, platform: LINUX, platformName: LINUX, platformVersion: 5.4.0-37-generic, rotatable: false, setWindowRect: true, strictFileInteractability: false, timeouts: {implicit: 0, pageLoad: 300000, script: 30000}, unhandledPromptBehavior: dismiss and notify}&#10;Session ID: 59121692-13b2-45c9-8bfa-de8a9ca4a6f3&#10;*** Element info: {Using=id, value=cell-0}" type="org.openqa.selenium.NoSuchElementException">org.openqa.selenium.NoSuchElementException: 
Unable to locate element: #cell\-0
For documentation on this error, please visit: http://seleniumhq.org/exceptions/no_such_element.html
Build info: version: '3.14.0', revision: 'aacccce0', time: '2018-08-02T20:19:58.91Z'
System info: host: 'HP', ip: '127.0.1.1', os.name: 'Linux', os.arch: 'amd64', os.version: '5.4.0-37-generic', java.version: '11.0.7'
Driver info: org.openqa.selenium.firefox.FirefoxDriver
Capabilities {acceptInsecureCerts: true, browserName: firefox, browserVersion: 77.0.1, javascriptEnabled: true, moz:accessibilityChecks: false, moz:buildID: 20200602222727, moz:geckodriverVersion: 0.26.0, moz:headless: false, moz:processID: 30272, moz:profile: /tmp/rust_mozprofileCLqkdl, moz:shutdownTimeout: 60000, moz:useNonSpecCompliantPointerOrigin: false, moz:webdriverClick: true, pageLoadStrategy: normal, platform: LINUX, platformName: LINUX, platformVersion: 5.4.0-37-generic, rotatable: false, setWindowRect: true, strictFileInteractability: false, timeouts: {implicit: 0, pageLoad: 300000, script: 30000}, unhandledPromptBehavior: dismiss and notify}
Session ID: 59121692-13b2-45c9-8bfa-de8a9ca4a6f3
*** Element info: {Using=id, value=cell-0}
	at es.codeurjc.ais.tictactoe.TicTacToeHandlerTest.SimulacionVictoriaJugador1(TicTacToeHandlerTest.java:103)
</error>
    <system-out><![CDATA[17:35:04.109 [main] DEBUG io.github.bonigarcia.wdm.cache.ResolutionCache - Created new resolution cache file at /home/javi/.m2/repository/webdriver/resolution.properties
17:35:04.120 [main] INFO io.github.bonigarcia.wdm.WebDriverManager - Please answer the following questionnaire based on your experience with WebDriverManager. Thanks a lot!
17:35:04.122 [main] INFO io.github.bonigarcia.wdm.WebDriverManager - ====> http://tiny.cc/wdm-survey <====
17:35:04.672 [main] DEBUG io.github.bonigarcia.wdm.versions.Shell - Running command on the shell: [firefox, -v]
17:35:04.726 [main] DEBUG io.github.bonigarcia.wdm.versions.Shell - Result: Mozilla Firefox 77.0.1
17:35:04.728 [main] DEBUG io.github.bonigarcia.wdm.versions.VersionDetector - Getting driver version for firefox77 from online versions.properties
17:35:04.781 [main] DEBUG org.apache.hc.client5.http.impl.classic.InternalHttpClient - ex-00000001: preparing request execution
17:35:04.798 [main] DEBUG org.apache.hc.client5.http.protocol.RequestAddCookies - Cookie spec selected: strict
17:35:04.816 [main] DEBUG org.apache.hc.client5.http.protocol.RequestAuthCache - Auth cache not set in the context
17:35:04.818 [main] DEBUG org.apache.hc.client5.http.impl.classic.ProtocolExec - ex-00000001: target auth state: UNCHALLENGED
17:35:04.821 [main] DEBUG org.apache.hc.client5.http.impl.classic.ProtocolExec - ex-00000001: proxy auth state: UNCHALLENGED
17:35:04.824 [main] DEBUG org.apache.hc.client5.http.impl.classic.ConnectExec - ex-00000001: acquiring connection with route {s}->https://raw.githubusercontent.com:443
17:35:04.833 [main] DEBUG org.apache.hc.client5.http.impl.classic.InternalHttpClient - ex-00000001: acquiring endpoint (3 MINUTES)
17:35:04.839 [main] DEBUG org.apache.hc.client5.http.impl.io.PoolingHttpClientConnectionManager - ex-00000001: endpoint lease request (3 MINUTES) [route: {s}->https://raw.githubusercontent.com:443][total available: 0; route allocated: 0 of 5; total allocated: 0 of 25]
17:35:04.859 [main] DEBUG org.apache.hc.client5.http.impl.io.PoolingHttpClientConnectionManager - ex-00000001: endpoint leased [route: {s}->https://raw.githubusercontent.com:443][total available: 0; route allocated: 1 of 5; total allocated: 1 of 25]
17:35:04.924 [main] DEBUG org.apache.hc.client5.http.impl.io.PoolingHttpClientConnectionManager - ex-00000001: acquired ep-00000000
17:35:04.924 [main] DEBUG org.apache.hc.client5.http.impl.classic.InternalHttpClient - ex-00000001: acquired endpoint ep-00000000
17:35:04.927 [main] DEBUG org.apache.hc.client5.http.impl.classic.ConnectExec - ex-00000001: opening connection {s}->https://raw.githubusercontent.com:443
17:35:04.928 [main] DEBUG org.apache.hc.client5.http.impl.classic.InternalHttpClient - ep-00000000: connecting endpoint (30 SECONDS)
17:35:04.928 [main] DEBUG org.apache.hc.client5.http.impl.io.PoolingHttpClientConnectionManager - ep-00000000: connecting endpoint to https://raw.githubusercontent.com:443 (30 SECONDS)
17:35:05.000 [main] DEBUG org.apache.hc.client5.http.impl.io.DefaultHttpClientConnectionOperator - http-outgoing-0: connecting to raw.githubusercontent.com/151.101.192.133:443
17:35:05.003 [main] DEBUG org.apache.hc.client5.http.ssl.SSLConnectionSocketFactory - Connecting socket to raw.githubusercontent.com/151.101.192.133:443 with timeout 30 SECONDS
17:35:05.091 [main] DEBUG org.apache.hc.client5.http.ssl.SSLConnectionSocketFactory - Enabled protocols: [TLSv1.3, TLSv1.2]
17:35:05.091 [main] DEBUG org.apache.hc.client5.http.ssl.SSLConnectionSocketFactory - Enabled cipher suites:[TLS_AES_128_GCM_SHA256, TLS_AES_256_GCM_SHA384, TLS_ECDHE_ECDSA_WITH_AES_256_GCM_SHA384, TLS_ECDHE_ECDSA_WITH_AES_128_GCM_SHA256, TLS_ECDHE_RSA_WITH_AES_256_GCM_SHA384, TLS_RSA_WITH_AES_256_GCM_SHA384, TLS_ECDH_ECDSA_WITH_AES_256_GCM_SHA384, TLS_ECDH_RSA_WITH_AES_256_GCM_SHA384, TLS_DHE_RSA_WITH_AES_256_GCM_SHA384, TLS_DHE_DSS_WITH_AES_256_GCM_SHA384, TLS_ECDHE_RSA_WITH_AES_128_GCM_SHA256, TLS_RSA_WITH_AES_128_GCM_SHA256, TLS_ECDH_ECDSA_WITH_AES_128_GCM_SHA256, TLS_ECDH_RSA_WITH_AES_128_GCM_SHA256, TLS_DHE_RSA_WITH_AES_128_GCM_SHA256, TLS_DHE_DSS_WITH_AES_128_GCM_SHA256, TLS_ECDHE_ECDSA_WITH_AES_256_CBC_SHA384, TLS_ECDHE_RSA_WITH_AES_256_CBC_SHA384, TLS_RSA_WITH_AES_256_CBC_SHA256, TLS_ECDH_ECDSA_WITH_AES_256_CBC_SHA384, TLS_ECDH_RSA_WITH_AES_256_CBC_SHA384, TLS_DHE_RSA_WITH_AES_256_CBC_SHA256, TLS_DHE_DSS_WITH_AES_256_CBC_SHA256, TLS_ECDHE_ECDSA_WITH_AES_256_CBC_SHA, TLS_ECDHE_RSA_WITH_AES_256_CBC_SHA, TLS_RSA_WITH_AES_256_CBC_SHA, TLS_ECDH_ECDSA_WITH_AES_256_CBC_SHA, TLS_ECDH_RSA_WITH_AES_256_CBC_SHA, TLS_DHE_RSA_WITH_AES_256_CBC_SHA, TLS_DHE_DSS_WITH_AES_256_CBC_SHA, TLS_ECDHE_ECDSA_WITH_AES_128_CBC_SHA256, TLS_ECDHE_RSA_WITH_AES_128_CBC_SHA256, TLS_RSA_WITH_AES_128_CBC_SHA256, TLS_ECDH_ECDSA_WITH_AES_128_CBC_SHA256, TLS_ECDH_RSA_WITH_AES_128_CBC_SHA256, TLS_DHE_RSA_WITH_AES_128_CBC_SHA256, TLS_DHE_DSS_WITH_AES_128_CBC_SHA256, TLS_ECDHE_ECDSA_WITH_AES_128_CBC_SHA, TLS_ECDHE_RSA_WITH_AES_128_CBC_SHA, TLS_RSA_WITH_AES_128_CBC_SHA, TLS_ECDH_ECDSA_WITH_AES_128_CBC_SHA, TLS_ECDH_RSA_WITH_AES_128_CBC_SHA, TLS_DHE_RSA_WITH_AES_128_CBC_SHA, TLS_DHE_DSS_WITH_AES_128_CBC_SHA, TLS_EMPTY_RENEGOTIATION_INFO_SCSV]
17:35:05.094 [main] DEBUG org.apache.hc.client5.http.ssl.SSLConnectionSocketFactory - Starting handshake
17:35:05.345 [main] DEBUG org.apache.hc.client5.http.ssl.SSLConnectionSocketFactory - Secure session established
17:35:05.346 [main] DEBUG org.apache.hc.client5.http.ssl.SSLConnectionSocketFactory -  negotiated protocol: TLSv1.2
17:35:05.346 [main] DEBUG org.apache.hc.client5.http.ssl.SSLConnectionSocketFactory -  negotiated cipher suite: TLS_ECDHE_RSA_WITH_AES_128_GCM_SHA256
17:35:05.350 [main] DEBUG org.apache.hc.client5.http.ssl.SSLConnectionSocketFactory -  peer principal: CN=www.github.com, O="GitHub, Inc.", L=San Francisco, ST=California, C=US
17:35:05.351 [main] DEBUG org.apache.hc.client5.http.ssl.SSLConnectionSocketFactory -  peer alternative names: [www.github.com, *.github.com, github.com, *.github.io, github.io, *.githubusercontent.com, githubusercontent.com]
17:35:05.352 [main] DEBUG org.apache.hc.client5.http.ssl.SSLConnectionSocketFactory -  issuer principal: CN=DigiCert SHA2 High Assurance Server CA, OU=www.digicert.com, O=DigiCert Inc, C=US
17:35:05.356 [main] DEBUG org.apache.hc.client5.http.impl.io.DefaultHttpClientConnectionOperator - http-outgoing-0: connection established 192.168.1.12:58664<->151.101.192.133:443
17:35:05.357 [main] DEBUG org.apache.hc.client5.http.impl.io.PoolingHttpClientConnectionManager - ep-00000000: connected http-outgoing-0
17:35:05.357 [main] DEBUG org.apache.hc.client5.http.impl.classic.InternalHttpClient - ep-00000000: endpoint connected
17:35:05.358 [main] DEBUG org.apache.hc.client5.http.impl.classic.MainClientExec - ex-00000001: executing GET /bonigarcia/webdrivermanager/master/src/main/resources/versions.properties HTTP/1.1
17:35:05.359 [main] DEBUG org.apache.hc.client5.http.impl.classic.InternalHttpClient - ep-00000000: start execution ex-00000001
17:35:05.359 [main] DEBUG org.apache.hc.client5.http.impl.io.PoolingHttpClientConnectionManager - ep-00000000: executing exchange ex-00000001 over http-outgoing-0
17:35:05.360 [main] DEBUG org.apache.hc.client5.http.headers - http-outgoing-0 >> GET /bonigarcia/webdrivermanager/master/src/main/resources/versions.properties HTTP/1.1
17:35:05.360 [main] DEBUG org.apache.hc.client5.http.headers - http-outgoing-0 >> User-Agent: Apache-HttpClient/5.0
17:35:05.361 [main] DEBUG org.apache.hc.client5.http.headers - http-outgoing-0 >> Connection: keep-alive
17:35:05.361 [main] DEBUG org.apache.hc.client5.http.headers - http-outgoing-0 >> Accept-Encoding: gzip, x-gzip, deflate
17:35:05.361 [main] DEBUG org.apache.hc.client5.http.headers - http-outgoing-0 >> Host: raw.githubusercontent.com
17:35:05.361 [main] DEBUG org.apache.hc.client5.http.wire - http-outgoing-0 >> "GET /bonigarcia/webdrivermanager/master/src/main/resources/versions.properties HTTP/1.1[\r][\n]"
17:35:05.361 [main] DEBUG org.apache.hc.client5.http.wire - http-outgoing-0 >> "User-Agent: Apache-HttpClient/5.0[\r][\n]"
17:35:05.361 [main] DEBUG org.apache.hc.client5.http.wire - http-outgoing-0 >> "Connection: keep-alive[\r][\n]"
17:35:05.362 [main] DEBUG org.apache.hc.client5.http.wire - http-outgoing-0 >> "Accept-Encoding: gzip, x-gzip, deflate[\r][\n]"
17:35:05.362 [main] DEBUG org.apache.hc.client5.http.wire - http-outgoing-0 >> "Host: raw.githubusercontent.com[\r][\n]"
17:35:05.362 [main] DEBUG org.apache.hc.client5.http.wire - http-outgoing-0 >> "[\r][\n]"
17:35:05.768 [main] DEBUG org.apache.hc.client5.http.wire - http-outgoing-0 << "HTTP/1.1 200 OK[\r][\n]"
17:35:05.768 [main] DEBUG org.apache.hc.client5.http.wire - http-outgoing-0 << "Connection: keep-alive[\r][\n]"
17:35:05.768 [main] DEBUG org.apache.hc.client5.http.wire - http-outgoing-0 << "Content-Length: 771[\r][\n]"
17:35:05.768 [main] DEBUG org.apache.hc.client5.http.wire - http-outgoing-0 << "Cache-Control: max-age=300[\r][\n]"
17:35:05.768 [main] DEBUG org.apache.hc.client5.http.wire - http-outgoing-0 << "Content-Security-Policy: default-src 'none'; style-src 'unsafe-inline'; sandbox[\r][\n]"
17:35:05.768 [main] DEBUG org.apache.hc.client5.http.wire - http-outgoing-0 << "Content-Type: text/plain; charset=utf-8[\r][\n]"
17:35:05.768 [main] DEBUG org.apache.hc.client5.http.wire - http-outgoing-0 << "ETag: W/"9fd6a63b5a74b1e8bc9a22e1a374dd7208d326c28305abdc0e958f4eb944da22"[\r][\n]"
17:35:05.768 [main] DEBUG org.apache.hc.client5.http.wire - http-outgoing-0 << "Strict-Transport-Security: max-age=31536000[\r][\n]"
17:35:05.768 [main] DEBUG org.apache.hc.client5.http.wire - http-outgoing-0 << "X-Content-Type-Options: nosniff[\r][\n]"
17:35:05.768 [main] DEBUG org.apache.hc.client5.http.wire - http-outgoing-0 << "X-Frame-Options: deny[\r][\n]"
17:35:05.768 [main] DEBUG org.apache.hc.client5.http.wire - http-outgoing-0 << "X-XSS-Protection: 1; mode=block[\r][\n]"
17:35:05.768 [main] DEBUG org.apache.hc.client5.http.wire - http-outgoing-0 << "Via: 1.1 varnish (Varnish/6.0)[\r][\n]"
17:35:05.769 [main] DEBUG org.apache.hc.client5.http.wire - http-outgoing-0 << "X-GitHub-Request-Id: F1F8:5E07:52222:61DF0:5EE219B9[\r][\n]"
17:35:05.769 [main] DEBUG org.apache.hc.client5.http.wire - http-outgoing-0 << "Content-Encoding: gzip[\r][\n]"
17:35:05.769 [main] DEBUG org.apache.hc.client5.http.wire - http-outgoing-0 << "Accept-Ranges: bytes[\r][\n]"
17:35:05.769 [main] DEBUG org.apache.hc.client5.http.wire - http-outgoing-0 << "Date: Thu, 11 Jun 2020 15:35:05 GMT[\r][\n]"
17:35:05.769 [main] DEBUG org.apache.hc.client5.http.wire - http-outgoing-0 << "Via: 1.1 varnish[\r][\n]"
17:35:05.769 [main] DEBUG org.apache.hc.client5.http.wire - http-outgoing-0 << "X-Served-By: cache-mad22020-MAD[\r][\n]"
17:35:05.769 [main] DEBUG org.apache.hc.client5.http.wire - http-outgoing-0 << "X-Cache: HIT, HIT[\r][\n]"
17:35:05.769 [main] DEBUG org.apache.hc.client5.http.wire - http-outgoing-0 << "X-Cache-Hits: 13, 1[\r][\n]"
17:35:05.769 [main] DEBUG org.apache.hc.client5.http.wire - http-outgoing-0 << "X-Timer: S1591889705.400892,VS0,VE153[\r][\n]"
17:35:05.769 [main] DEBUG org.apache.hc.client5.http.wire - http-outgoing-0 << "Vary: Authorization,Accept-Encoding[\r][\n]"
17:35:05.769 [main] DEBUG org.apache.hc.client5.http.wire - http-outgoing-0 << "Access-Control-Allow-Origin: *[\r][\n]"
17:35:05.769 [main] DEBUG org.apache.hc.client5.http.wire - http-outgoing-0 << "X-Fastly-Request-ID: 1ebe731e1bd10dfac3082b5e130468f5433a5f9e[\r][\n]"
17:35:05.769 [main] DEBUG org.apache.hc.client5.http.wire - http-outgoing-0 << "Expires: Thu, 11 Jun 2020 15:40:05 GMT[\r][\n]"
17:35:05.769 [main] DEBUG org.apache.hc.client5.http.wire - http-outgoing-0 << "Source-Age: 220[\r][\n]"
17:35:05.769 [main] DEBUG org.apache.hc.client5.http.wire - http-outgoing-0 << "[\r][\n]"
17:35:05.772 [main] DEBUG org.apache.hc.client5.http.headers - http-outgoing-0 << HTTP/1.1 200 OK
17:35:05.772 [main] DEBUG org.apache.hc.client5.http.headers - http-outgoing-0 << Connection: keep-alive
17:35:05.772 [main] DEBUG org.apache.hc.client5.http.headers - http-outgoing-0 << Content-Length: 771
17:35:05.772 [main] DEBUG org.apache.hc.client5.http.headers - http-outgoing-0 << Cache-Control: max-age=300
17:35:05.772 [main] DEBUG org.apache.hc.client5.http.headers - http-outgoing-0 << Content-Security-Policy: default-src 'none'; style-src 'unsafe-inline'; sandbox
17:35:05.772 [main] DEBUG org.apache.hc.client5.http.headers - http-outgoing-0 << Content-Type: text/plain; charset=utf-8
17:35:05.772 [main] DEBUG org.apache.hc.client5.http.headers - http-outgoing-0 << ETag: W/"9fd6a63b5a74b1e8bc9a22e1a374dd7208d326c28305abdc0e958f4eb944da22"
17:35:05.772 [main] DEBUG org.apache.hc.client5.http.headers - http-outgoing-0 << Strict-Transport-Security: max-age=31536000
17:35:05.772 [main] DEBUG org.apache.hc.client5.http.headers - http-outgoing-0 << X-Content-Type-Options: nosniff
17:35:05.772 [main] DEBUG org.apache.hc.client5.http.headers - http-outgoing-0 << X-Frame-Options: deny
17:35:05.772 [main] DEBUG org.apache.hc.client5.http.headers - http-outgoing-0 << X-XSS-Protection: 1; mode=block
17:35:05.772 [main] DEBUG org.apache.hc.client5.http.headers - http-outgoing-0 << Via: 1.1 varnish (Varnish/6.0)
17:35:05.772 [main] DEBUG org.apache.hc.client5.http.headers - http-outgoing-0 << X-GitHub-Request-Id: F1F8:5E07:52222:61DF0:5EE219B9
17:35:05.772 [main] DEBUG org.apache.hc.client5.http.headers - http-outgoing-0 << Content-Encoding: gzip
17:35:05.772 [main] DEBUG org.apache.hc.client5.http.headers - http-outgoing-0 << Accept-Ranges: bytes
17:35:05.773 [main] DEBUG org.apache.hc.client5.http.headers - http-outgoing-0 << Date: Thu, 11 Jun 2020 15:35:05 GMT
17:35:05.773 [main] DEBUG org.apache.hc.client5.http.headers - http-outgoing-0 << Via: 1.1 varnish
17:35:05.773 [main] DEBUG org.apache.hc.client5.http.headers - http-outgoing-0 << X-Served-By: cache-mad22020-MAD
17:35:05.773 [main] DEBUG org.apache.hc.client5.http.headers - http-outgoing-0 << X-Cache: HIT, HIT
17:35:05.773 [main] DEBUG org.apache.hc.client5.http.headers - http-outgoing-0 << X-Cache-Hits: 13, 1
17:35:05.773 [main] DEBUG org.apache.hc.client5.http.headers - http-outgoing-0 << X-Timer: S1591889705.400892,VS0,VE153
17:35:05.773 [main] DEBUG org.apache.hc.client5.http.headers - http-outgoing-0 << Vary: Authorization,Accept-Encoding
17:35:05.773 [main] DEBUG org.apache.hc.client5.http.headers - http-outgoing-0 << Access-Control-Allow-Origin: *
17:35:05.773 [main] DEBUG org.apache.hc.client5.http.headers - http-outgoing-0 << X-Fastly-Request-ID: 1ebe731e1bd10dfac3082b5e130468f5433a5f9e
17:35:05.773 [main] DEBUG org.apache.hc.client5.http.headers - http-outgoing-0 << Expires: Thu, 11 Jun 2020 15:40:05 GMT
17:35:05.773 [main] DEBUG org.apache.hc.client5.http.headers - http-outgoing-0 << Source-Age: 220
17:35:05.777 [main] DEBUG org.apache.hc.client5.http.impl.classic.MainClientExec - ex-00000001: connection can be kept alive for 3 MINUTES
17:35:05.793 [main] DEBUG org.apache.hc.client5.http.wire - http-outgoing-0 << "[0x1f][0xffffff8b][0x8][0x0][0x0][0x0][0x0][0x0][0x0][0x3][0xffffff8d][0xffffff95][0xffffffcb][0xffffffae][0xffffffdb] [0x10][0xffffff86][0xfffffff7]y[\n]"
17:35:05.797 [main] DEBUG org.apache.hc.client5.http.wire - http-outgoing-0 << "[0xffffffa4][0xffffffb3]i[0x17][0x7]s[0x7]Gb[0xffffffd3][0xffffffeb][0xffffffaa][0xffffffea][0xffffffa2]}[0x1]'![0xffffff89]u[0x1c][0x13]a[0xffffffe7][0xffffffa4][0xffffffed][0xffffffd3][0xffffff97][0xffffffab]K[0xffffffac]V[0xffffffea][0xfffffff2][0xffffffff][0xc][0xffffffc3][0xffffffc0][0xffffffcc]?~[0x2][0xffffffdf][0xffffffcf][0xfffffffd][0x4][0xffffff8e][0xfffffffd]`[0xffffffc0][0xffffffde][0xffffff8e]s[0xffffffd7][0xffffff8f][0x13][0xffffff98][0xffffffcf][0x6][0xffffffbc][0xffffff8c][0xfffffff6]>[0xffffff82]W[0xffffffe3][0xffffffa6][0xffffffde]zt[0xffffffb4][0xe][0x1c]\[0x1f]4x[0xffffffb3][0xffffffeb][0xffffffc7][0xffffffce][0xfffffffd]|[0xffffffeb]7\[0xffffffae][0xffffffdd][0xffffffdc][0xffffffef][0xfffffffc][0xffffffde]{?[0xffffff9f][0xffffffe3][0xffffffbe][0xffffffbd]u[0xffffffce]LW;[0x1e][0xfffffffa][0xfffffff1][0x4]v[0xffffffce][0xffffffde]'[0xffffffe3]J[0xffffff9c][0xffffffcd][0xffffffe6][0x9][0xffffffbc]Kh[0xb]>[{[0xfffffff2];[0xffffffdf][0xffffff9f][0xffffff9d][0xffffffbd][0x18][0xfffffff0][0xc]>[0xffffffc4][0xfffffff0][[0xffffffb0][0xffffff8f] [0x1d][0xffffffe6][0xffffffd7][0x7f][0xffffffb3]7[0xffffffb7]7[p[0xffffff9e][0xffffffe7][0xffffffeb][0xffffffb6]i[0xffffffea][0xffffffaf]0[0xffffff8a][0xfffffffe]v[0xffffff81][0xffffffd6][0xffffff9d][0xffffff9a][0xffffff83]Ox[0xffffffb0][0xffffffdd]a[0xffffffda][0xffffffa4]5[0xffffff8a]i[0xffffffc5] [0xffffff82][0xc]3[0x9])*[0xffffff94]jE#E[0x14][0xffffffd2][0xffffffb6]P[0xffffffac][0x15][0xe][0x14]1[0x6]1U[0x5]#[0xffffffad][0xffffff90][0xffffffc7][0xffffffb4]U[0x12]b$2[0xffffff96][0xffffffad][0xffffff96]m[0xffffffc4][0xffffff8c]C[0xffffffba]P[0xffffffa5][0xffffffa5][0xffffff8a][0x14][0xfffffff9][0x18][0xffffff88][0x17],[0xffffffb5][0xffffff94][0x1]+[0xffffffc1]}[0xfffffffc]B[0xffffff85][0xffffff96]"R[0xffffffd4]BL[0xffffff96][0x18]\K[0x1e][0xffffffb0][0xffffff94][0x8][0xffffffe2]?[0xffffffab][0xffffff99][0xffffff96],b[0xffffffd2][0xffffffc2]e-[0xffffffd5]2[0xffffffdc][0xffffff84][\n]"
17:35:05.799 [main] DEBUG org.apache.hc.client5.http.wire - http-outgoing-0 << "[0x7f]!QR[0xffffff96]D[0x13][0xffffffc8][0xffffff96]5[0xfffffff8]A[0xffffffa1][0xffffffa0]Jb[0xffffffa2][\r][0xffffff8a][0x15][0xffffffa5][0xffffff82]"E[0xffffffc9][0xffffffa0]pQ"[0xffffffa8][0xffffff92][0xffffff8c][0xffffffe0]^-O$XP[0xffffffb2]([0x1a]T9O[0xffffff84]\[0xffffffe8]r^[0xffffffc8][0xffffff85].[0xffffffe7][0xffffff85]\(}[0xffffffe8][0xffffff88]/[0xfffffff6]W?[0xc][0x1d][0xfffffff8][0xffffffd4];s[0xffffffb4]?[0xffffffaa][0xffffff9e]8[0xffffff99][0xfffffffd][0xffffff8b][0xfffffffd]kKL[0xffffffbe]'N[0xffffffbe][0xfffffff9]n;[0xffffffe8][0xffffffdb][0xffffffb1][0xffffffb9][0xffffffa4][0x10]M[0xffffffb5][0xffffffa1]qf0[0xffffffdd]d[0xffffffa6][0xffffffcd]1[0xffffffc5][0xfffffff5]o[0xffffff8f] [0xfffffff1][0xffffffaf][0xffffffbf][0x0][0xffffffbe][0x6]l[\r][0xffffffe8][0x1a][0xffffff90]5[0xffffffc0]k[0xffffff80]V[0xffffffc0][0xffffffbf][0xfffffff7][\n]"
17:35:05.800 [main] DEBUG org.apache.hc.client5.http.wire - http-outgoing-0 << "[0xffffffa8][0x0]x[0x5]d[0x0][0xffffffac][0x2]b[\r][0xfffffff8][0x1a][0xffffffc4]Li[0x5][0xffffffe8][0x1a][0xffffffc4]LI[0x5]b[0xffffffa6][0xffffffb8][0x2]h[0x5]x[0xffffffbb][0x6]j[\r][0xffffffe4][0x1a][0xffffffc4]LQ[0x5]x[0x1]u[0xffffff85][0xffffffbf]^[0xffffff8d][0xffffffeb][0xffffffaa][0xffffffba][0xffffffda][0xffffffa0][0xffffffff][0xffffffa7][0xffffffae]q[0xffffffe1]d[0xffffff8f][0xfffffff3][0xffffffbd]s&[0xffffffa9]b[0xfffffffe]u[0xffffff95][0xffffffe3]G[0xffffffff][0xffffffb6][0xffffff95][0xffffffa1]1[0xffffffcd]T>[0xfffffff8][0x19]e**;[0xffffffcb]6C^[0xffffffb9]Y[0xffffffc9][0xc]Y[0xffffffe5]eL[0xffffffca]~Z{[0xffffff99][0xffffff92]LIm[0xffffffe5][0xffffffe5][0xffffffac]l[0xffffffc1](x[[0xffffff8b]l[0xffffffc0]$[0xffffffb2][0xffffffff][0xffffff92][0xffffffc8][0xfffffff6]K"[0xffffffbb]/[0xffffff89]l[0xffffffbe]$[0xffffffb2][0xfffffff7][0xffffff92][0xffffffc8][0xffffffd6]K[0x2]'[0xffffffaf]%[0xffffff81]*[0xffffffc1]B[0x6]%c[0x16]2[0xffffffa0][0xfffffff9][0x1c][0x16]2 [0xfffffff9]1[0xffffff98]H[0xffffffe2][0xffffffc1][0xffffffac][0xfffffffd][0xffffffde][0xffffffd9]P[0x11][0xfffffff0][0xfffffff1]p[0xffffffaa][0xffffffe7][0xfffffff7]e2[0x1e][0xfffffffc][0xffffffb3][0xffffffa8][0x7][0xfffffff3]j[0xffffff86][0x10][0x15]^J[0xffffff84]Xa3>[0xffffffdf][0xffffffa6]fa[0xffffffcf]!H3[;L[0xffffffcd][0xffffffdd][0xffffffec]r[0xffffff91]7[0xffffff81]*[0xffffffae]UxYN[0xffffff83][0xffffff99]"[0xffffffc9][0xffffffa3][0xffffff9e]GkDR[0xffffffc6][0xffffffbc]/[0xffffffa2][0xffffff9f]q[0x11][0x11][0xffffffad]H@[0xffffffdc]W)[0xffffff91]2[0xfffffff5][0xffffffb1][0xffffff80]R&T&[0xffffffbe][0xffffffc0][0xffffffbe]m[0xffffffd2][0xffffffb2]e[0xffffffdc]c[0xffffff9a][0xffffffa3][0xffffff97]QOB7$[0xffffff92][0xffffffa7]<[0xffffffa1][0xb][0xffffffc9][0x13][0x1e][0xffffffab]eW[0x1e][0xffffffee][0xffffff98][0xffffffb6][0xffffffde][0x19][0x11]1[0xffffffa6][0xffffffaf][0xffffffce]<[0xfffffffb][0xffffff9f][0xffffffee][0xffffffdc][\r][0xffffff83]9$H[0xffffffb4][0xffffff80]Xb[0xffffff9a][0xfffffff2]fX[0xfffffffb]f[0x13][0xffffffa4]m[0xffffff93]D[0xffffffda]w4G[0xffffff82]FI[0xffffff95][0xffffffa6][0xfffffffe]OA[0xffffffdb]$Ih[0xf][0xffffffff][0xfffffff3]Q"I[0xffffffa4][0xfffffffd]=[0x10][0xfffffff1][0xffffffdd][0xfffffff3][0x1b]r[0x17].U[0xffffffea][0x7][0x0][0x0]"
17:35:05.801 [main] DEBUG org.apache.hc.client5.http.impl.classic.InternalHttpClient - ep-00000000: releasing valid endpoint
17:35:05.801 [main] DEBUG org.apache.hc.client5.http.impl.io.PoolingHttpClientConnectionManager - ep-00000000: releasing endpoint
17:35:05.802 [main] DEBUG org.apache.hc.client5.http.impl.io.PoolingHttpClientConnectionManager - ep-00000000: connection http-outgoing-0 can be kept alive for 3 MINUTES
17:35:05.804 [main] DEBUG org.apache.hc.client5.http.impl.io.PoolingHttpClientConnectionManager - ep-00000000: connection released [route: {s}->https://raw.githubusercontent.com:443][total available: 1; route allocated: 1 of 5; total allocated: 1 of 25]
17:35:05.804 [main] DEBUG io.github.bonigarcia.wdm.versions.VersionDetector - Driver for firefox77 not found in online properties (using local version.properties)
17:35:05.805 [main] DEBUG io.github.bonigarcia.wdm.WebDriverManager - The driver version for Firefox 77 is unknown ... trying with latest
17:35:05.807 [main] WARN io.github.bonigarcia.wdm.WebDriverManager - There was an error managing geckodriver (latest version) (null) ... trying again using latest driver stored in cache
17:35:05.810 [main] INFO io.github.bonigarcia.wdm.WebDriverManager - Reading https://api.github.com/repos/mozilla/geckodriver/releases to seek geckodriver
17:35:05.813 [main] DEBUG org.apache.hc.client5.http.impl.classic.InternalHttpClient - ex-00000002: preparing request execution
17:35:05.814 [main] DEBUG org.apache.hc.client5.http.protocol.RequestAddCookies - Cookie spec selected: strict
17:35:05.814 [main] DEBUG org.apache.hc.client5.http.protocol.RequestAuthCache - Auth cache not set in the context
17:35:05.814 [main] DEBUG org.apache.hc.client5.http.impl.classic.ProtocolExec - ex-00000002: target auth state: UNCHALLENGED
17:35:05.814 [main] DEBUG org.apache.hc.client5.http.impl.classic.ProtocolExec - ex-00000002: proxy auth state: UNCHALLENGED
17:35:05.814 [main] DEBUG org.apache.hc.client5.http.impl.classic.ConnectExec - ex-00000002: acquiring connection with route {s}->https://api.github.com:443
17:35:05.814 [main] DEBUG org.apache.hc.client5.http.impl.classic.InternalHttpClient - ex-00000002: acquiring endpoint (3 MINUTES)
17:35:05.814 [main] DEBUG org.apache.hc.client5.http.impl.io.PoolingHttpClientConnectionManager - ex-00000002: endpoint lease request (3 MINUTES) [route: {s}->https://api.github.com:443][total available: 0; route allocated: 0 of 5; total allocated: 0 of 25]
17:35:05.815 [main] DEBUG org.apache.hc.client5.http.impl.io.PoolingHttpClientConnectionManager - ex-00000002: endpoint leased [route: {s}->https://api.github.com:443][total available: 0; route allocated: 1 of 5; total allocated: 1 of 25]
17:35:05.815 [main] DEBUG org.apache.hc.client5.http.impl.io.PoolingHttpClientConnectionManager - ex-00000002: acquired ep-00000001
17:35:05.815 [main] DEBUG org.apache.hc.client5.http.impl.classic.InternalHttpClient - ex-00000002: acquired endpoint ep-00000001
17:35:05.815 [main] DEBUG org.apache.hc.client5.http.impl.classic.ConnectExec - ex-00000002: opening connection {s}->https://api.github.com:443
17:35:05.815 [main] DEBUG org.apache.hc.client5.http.impl.classic.InternalHttpClient - ep-00000001: connecting endpoint (30 SECONDS)
17:35:05.815 [main] DEBUG org.apache.hc.client5.http.impl.io.PoolingHttpClientConnectionManager - ep-00000001: connecting endpoint to https://api.github.com:443 (30 SECONDS)
17:35:05.852 [main] DEBUG org.apache.hc.client5.http.impl.io.DefaultHttpClientConnectionOperator - http-outgoing-1: connecting to api.github.com/140.82.118.6:443
17:35:05.852 [main] DEBUG org.apache.hc.client5.http.ssl.SSLConnectionSocketFactory - Connecting socket to api.github.com/140.82.118.6:443 with timeout 30 SECONDS
17:35:05.894 [main] DEBUG org.apache.hc.client5.http.ssl.SSLConnectionSocketFactory - Enabled protocols: [TLSv1.3, TLSv1.2]
17:35:05.895 [main] DEBUG org.apache.hc.client5.http.ssl.SSLConnectionSocketFactory - Enabled cipher suites:[TLS_AES_128_GCM_SHA256, TLS_AES_256_GCM_SHA384, TLS_ECDHE_ECDSA_WITH_AES_256_GCM_SHA384, TLS_ECDHE_ECDSA_WITH_AES_128_GCM_SHA256, TLS_ECDHE_RSA_WITH_AES_256_GCM_SHA384, TLS_RSA_WITH_AES_256_GCM_SHA384, TLS_ECDH_ECDSA_WITH_AES_256_GCM_SHA384, TLS_ECDH_RSA_WITH_AES_256_GCM_SHA384, TLS_DHE_RSA_WITH_AES_256_GCM_SHA384, TLS_DHE_DSS_WITH_AES_256_GCM_SHA384, TLS_ECDHE_RSA_WITH_AES_128_GCM_SHA256, TLS_RSA_WITH_AES_128_GCM_SHA256, TLS_ECDH_ECDSA_WITH_AES_128_GCM_SHA256, TLS_ECDH_RSA_WITH_AES_128_GCM_SHA256, TLS_DHE_RSA_WITH_AES_128_GCM_SHA256, TLS_DHE_DSS_WITH_AES_128_GCM_SHA256, TLS_ECDHE_ECDSA_WITH_AES_256_CBC_SHA384, TLS_ECDHE_RSA_WITH_AES_256_CBC_SHA384, TLS_RSA_WITH_AES_256_CBC_SHA256, TLS_ECDH_ECDSA_WITH_AES_256_CBC_SHA384, TLS_ECDH_RSA_WITH_AES_256_CBC_SHA384, TLS_DHE_RSA_WITH_AES_256_CBC_SHA256, TLS_DHE_DSS_WITH_AES_256_CBC_SHA256, TLS_ECDHE_ECDSA_WITH_AES_256_CBC_SHA, TLS_ECDHE_RSA_WITH_AES_256_CBC_SHA, TLS_RSA_WITH_AES_256_CBC_SHA, TLS_ECDH_ECDSA_WITH_AES_256_CBC_SHA, TLS_ECDH_RSA_WITH_AES_256_CBC_SHA, TLS_DHE_RSA_WITH_AES_256_CBC_SHA, TLS_DHE_DSS_WITH_AES_256_CBC_SHA, TLS_ECDHE_ECDSA_WITH_AES_128_CBC_SHA256, TLS_ECDHE_RSA_WITH_AES_128_CBC_SHA256, TLS_RSA_WITH_AES_128_CBC_SHA256, TLS_ECDH_ECDSA_WITH_AES_128_CBC_SHA256, TLS_ECDH_RSA_WITH_AES_128_CBC_SHA256, TLS_DHE_RSA_WITH_AES_128_CBC_SHA256, TLS_DHE_DSS_WITH_AES_128_CBC_SHA256, TLS_ECDHE_ECDSA_WITH_AES_128_CBC_SHA, TLS_ECDHE_RSA_WITH_AES_128_CBC_SHA, TLS_RSA_WITH_AES_128_CBC_SHA, TLS_ECDH_ECDSA_WITH_AES_128_CBC_SHA, TLS_ECDH_RSA_WITH_AES_128_CBC_SHA, TLS_DHE_RSA_WITH_AES_128_CBC_SHA, TLS_DHE_DSS_WITH_AES_128_CBC_SHA, TLS_EMPTY_RENEGOTIATION_INFO_SCSV]
17:35:05.896 [main] DEBUG org.apache.hc.client5.http.ssl.SSLConnectionSocketFactory - Starting handshake
17:35:05.969 [main] DEBUG org.apache.hc.client5.http.ssl.SSLConnectionSocketFactory - Secure session established
17:35:05.969 [main] DEBUG org.apache.hc.client5.http.ssl.SSLConnectionSocketFactory -  negotiated protocol: TLSv1.3
17:35:05.969 [main] DEBUG org.apache.hc.client5.http.ssl.SSLConnectionSocketFactory -  negotiated cipher suite: TLS_AES_128_GCM_SHA256
17:35:05.970 [main] DEBUG org.apache.hc.client5.http.ssl.SSLConnectionSocketFactory -  peer principal: CN=*.github.com, O="GitHub, Inc.", L=San Francisco, ST=California, C=US
17:35:05.970 [main] DEBUG org.apache.hc.client5.http.ssl.SSLConnectionSocketFactory -  peer alternative names: [*.github.com, github.com]
17:35:05.970 [main] DEBUG org.apache.hc.client5.http.ssl.SSLConnectionSocketFactory -  issuer principal: CN=DigiCert SHA2 High Assurance Server CA, OU=www.digicert.com, O=DigiCert Inc, C=US
17:35:05.970 [main] DEBUG org.apache.hc.client5.http.impl.io.DefaultHttpClientConnectionOperator - http-outgoing-1: connection established 192.168.1.12:59788<->140.82.118.6:443
17:35:05.970 [main] DEBUG org.apache.hc.client5.http.impl.io.PoolingHttpClientConnectionManager - ep-00000001: connected http-outgoing-1
17:35:05.970 [main] DEBUG org.apache.hc.client5.http.impl.classic.InternalHttpClient - ep-00000001: endpoint connected
17:35:05.970 [main] DEBUG org.apache.hc.client5.http.impl.classic.MainClientExec - ex-00000002: executing GET /repos/mozilla/geckodriver/releases HTTP/1.1
17:35:05.970 [main] DEBUG org.apache.hc.client5.http.impl.classic.InternalHttpClient - ep-00000001: start execution ex-00000002
17:35:05.970 [main] DEBUG org.apache.hc.client5.http.impl.io.PoolingHttpClientConnectionManager - ep-00000001: executing exchange ex-00000002 over http-outgoing-1
17:35:05.971 [main] DEBUG org.apache.hc.client5.http.headers - http-outgoing-1 >> GET /repos/mozilla/geckodriver/releases HTTP/1.1
17:35:05.971 [main] DEBUG org.apache.hc.client5.http.headers - http-outgoing-1 >> User-Agent: Apache-HttpClient/5.0
17:35:05.971 [main] DEBUG org.apache.hc.client5.http.headers - http-outgoing-1 >> Connection: keep-alive
17:35:05.971 [main] DEBUG org.apache.hc.client5.http.headers - http-outgoing-1 >> Accept-Encoding: gzip, x-gzip, deflate
17:35:05.971 [main] DEBUG org.apache.hc.client5.http.headers - http-outgoing-1 >> Host: api.github.com
17:35:05.971 [main] DEBUG org.apache.hc.client5.http.wire - http-outgoing-1 >> "GET /repos/mozilla/geckodriver/releases HTTP/1.1[\r][\n]"
17:35:05.971 [main] DEBUG org.apache.hc.client5.http.wire - http-outgoing-1 >> "User-Agent: Apache-HttpClient/5.0[\r][\n]"
17:35:05.971 [main] DEBUG org.apache.hc.client5.http.wire - http-outgoing-1 >> "Connection: keep-alive[\r][\n]"
17:35:05.971 [main] DEBUG org.apache.hc.client5.http.wire - http-outgoing-1 >> "Accept-Encoding: gzip, x-gzip, deflate[\r][\n]"
17:35:05.971 [main] DEBUG org.apache.hc.client5.http.wire - http-outgoing-1 >> "Host: api.github.com[\r][\n]"
17:35:05.971 [main] DEBUG org.apache.hc.client5.http.wire - http-outgoing-1 >> "[\r][\n]"
17:35:06.011 [main] DEBUG org.apache.hc.client5.http.wire - http-outgoing-1 << "HTTP/1.1 200 OK[\r][\n]"
17:35:06.011 [main] DEBUG org.apache.hc.client5.http.wire - http-outgoing-1 << "date: Thu, 11 Jun 2020 15:34:53 GMT[\r][\n]"
17:35:06.012 [main] DEBUG org.apache.hc.client5.http.wire - http-outgoing-1 << "content-type: application/json; charset=utf-8[\r][\n]"
17:35:06.012 [main] DEBUG org.apache.hc.client5.http.wire - http-outgoing-1 << "server: GitHub.com[\r][\n]"
17:35:06.012 [main] DEBUG org.apache.hc.client5.http.wire - http-outgoing-1 << "status: 200 OK[\r][\n]"
17:35:06.013 [main] DEBUG org.apache.hc.client5.http.wire - http-outgoing-1 << "cache-control: public, max-age=60, s-maxage=60[\r][\n]"
17:35:06.013 [main] DEBUG org.apache.hc.client5.http.wire - http-outgoing-1 << "vary: Accept, Accept-Encoding, Accept, X-Requested-With, Accept-Encoding[\r][\n]"
17:35:06.013 [main] DEBUG org.apache.hc.client5.http.wire - http-outgoing-1 << "etag: W/"af8280657aad771b80a06241417aa51a"[\r][\n]"
17:35:06.013 [main] DEBUG org.apache.hc.client5.http.wire - http-outgoing-1 << "x-github-media-type: github.v3; format=json[\r][\n]"
17:35:06.014 [main] DEBUG org.apache.hc.client5.http.wire - http-outgoing-1 << "link: <https://api.github.com/repositories/25354393/releases?page=2>; rel="next", <https://api.github.com/repositories/25354393/releases?page=2>; rel="last"[\r][\n]"
17:35:06.014 [main] DEBUG org.apache.hc.client5.http.wire - http-outgoing-1 << "access-control-expose-headers: ETag, Link, Location, Retry-After, X-GitHub-OTP, X-RateLimit-Limit, X-RateLimit-Remaining, X-RateLimit-Reset, X-OAuth-Scopes, X-Accepted-OAuth-Scopes, X-Poll-Interval, X-GitHub-Media-Type, Deprecation, Sunset[\r][\n]"
17:35:06.015 [main] DEBUG org.apache.hc.client5.http.wire - http-outgoing-1 << "access-control-allow-origin: *[\r][\n]"
17:35:06.016 [main] DEBUG org.apache.hc.client5.http.wire - http-outgoing-1 << "strict-transport-security: max-age=31536000; includeSubdomains; preload[\r][\n]"
17:35:06.017 [main] DEBUG org.apache.hc.client5.http.wire - http-outgoing-1 << "x-frame-options: deny[\r][\n]"
17:35:06.017 [main] DEBUG org.apache.hc.client5.http.wire - http-outgoing-1 << "x-content-type-options: nosniff[\r][\n]"
17:35:06.017 [main] DEBUG org.apache.hc.client5.http.wire - http-outgoing-1 << "x-xss-protection: 1; mode=block[\r][\n]"
17:35:06.018 [main] DEBUG org.apache.hc.client5.http.wire - http-outgoing-1 << "referrer-policy: origin-when-cross-origin, strict-origin-when-cross-origin[\r][\n]"
17:35:06.018 [main] DEBUG org.apache.hc.client5.http.wire - http-outgoing-1 << "content-security-policy: default-src 'none'[\r][\n]"
17:35:06.018 [main] DEBUG org.apache.hc.client5.http.wire - http-outgoing-1 << "content-encoding: gzip[\r][\n]"
17:35:06.018 [main] DEBUG org.apache.hc.client5.http.wire - http-outgoing-1 << "X-Ratelimit-Limit: 60[\r][\n]"
17:35:06.018 [main] DEBUG org.apache.hc.client5.http.wire - http-outgoing-1 << "X-Ratelimit-Remaining: 59[\r][\n]"
17:35:06.018 [main] DEBUG org.apache.hc.client5.http.wire - http-outgoing-1 << "X-Ratelimit-Reset: 1591893305[\r][\n]"
17:35:06.018 [main] DEBUG org.apache.hc.client5.http.wire - http-outgoing-1 << "Accept-Ranges: bytes[\r][\n]"
17:35:06.018 [main] DEBUG org.apache.hc.client5.http.wire - http-outgoing-1 << "Content-Length: 36286[\r][\n]"
17:35:06.018 [main] DEBUG org.apache.hc.client5.http.wire - http-outgoing-1 << "X-GitHub-Request-Id: E98C:4296E:8A4457:A50E21:5EE24F29[\r][\n]"
17:35:06.018 [main] DEBUG org.apache.hc.client5.http.wire - http-outgoing-1 << "[\r][\n]"
17:35:06.018 [main] DEBUG org.apache.hc.client5.http.wire - http-outgoing-1 << "[0x1f][0xffffff8b][0x8][0x0][0x0][0x0][0x0][0x0][0x0][0x3][0xffffffec][0xffffffbd][s[0xffffffe3][0xffffffc6][0xffffff96]5[0xfffffff8]W0[0xfffffff2]D[0xffffff8c][0xffffffab][0xffffffa7]H[0xffffffe2][0xffffffc2][0xfffffffb][0xffffffb4][0xfffffffb]|r[0xffffffa9]|N[0xffffffd9][0xffffff96]T[0xffffffb6]Xv[0xffffff9f][0xffffff96]+D[0xffffff90][0x4]I[0xffffff94]@[0xffffff82][0x7][0x0]u[0xffffffab]pD[0xffffffbf][0xffffffce][0xfffffffb][0xffffffbc]|[0x11]3[0xffffff8f]3?[0xffffffec][0xfffffffc][0xffffff92]Y{g[0xffffffe2]B[0x10][0xffffffbc][0xffffff8a]T[0xffffffbb]][0xffffffd9][0xffffffa7]+,H[0xffffffc0][0xffffffce]D^[0x16][0x12][0xffffff89][0xffffffb5][0xffffffd7][0xffffffba][0xfffffffe]|"
17:35:06.021 [main] DEBUG org.apache.hc.client5.http.headers - http-outgoing-1 << HTTP/1.1 200 OK
17:35:06.022 [main] DEBUG org.apache.hc.client5.http.headers - http-outgoing-1 << date: Thu, 11 Jun 2020 15:34:53 GMT
17:35:06.023 [main] DEBUG org.apache.hc.client5.http.headers - http-outgoing-1 << content-type: application/json; charset=utf-8
17:35:06.026 [main] DEBUG org.apache.hc.client5.http.headers - http-outgoing-1 << server: GitHub.com
17:35:06.026 [main] DEBUG org.apache.hc.client5.http.headers - http-outgoing-1 << status: 200 OK
17:35:06.026 [main] DEBUG org.apache.hc.client5.http.headers - http-outgoing-1 << cache-control: public, max-age=60, s-maxage=60
17:35:06.026 [main] DEBUG org.apache.hc.client5.http.headers - http-outgoing-1 << vary: Accept, Accept-Encoding, Accept, X-Requested-With, Accept-Encoding
17:35:06.027 [main] DEBUG org.apache.hc.client5.http.headers - http-outgoing-1 << etag: W/"af8280657aad771b80a06241417aa51a"
17:35:06.027 [main] DEBUG org.apache.hc.client5.http.headers - http-outgoing-1 << x-github-media-type: github.v3; format=json
17:35:06.028 [main] DEBUG org.apache.hc.client5.http.headers - http-outgoing-1 << link: <https://api.github.com/repositories/25354393/releases?page=2>; rel="next", <https://api.github.com/repositories/25354393/releases?page=2>; rel="last"
17:35:06.028 [main] DEBUG org.apache.hc.client5.http.headers - http-outgoing-1 << access-control-expose-headers: ETag, Link, Location, Retry-After, X-GitHub-OTP, X-RateLimit-Limit, X-RateLimit-Remaining, X-RateLimit-Reset, X-OAuth-Scopes, X-Accepted-OAuth-Scopes, X-Poll-Interval, X-GitHub-Media-Type, Deprecation, Sunset
17:35:06.028 [main] DEBUG org.apache.hc.client5.http.headers - http-outgoing-1 << access-control-allow-origin: *
17:35:06.028 [main] DEBUG org.apache.hc.client5.http.headers - http-outgoing-1 << strict-transport-security: max-age=31536000; includeSubdomains; preload
17:35:06.028 [main] DEBUG org.apache.hc.client5.http.headers - http-outgoing-1 << x-frame-options: deny
17:35:06.028 [main] DEBUG org.apache.hc.client5.http.headers - http-outgoing-1 << x-content-type-options: nosniff
17:35:06.028 [main] DEBUG org.apache.hc.client5.http.headers - http-outgoing-1 << x-xss-protection: 1; mode=block
17:35:06.028 [main] DEBUG org.apache.hc.client5.http.headers - http-outgoing-1 << referrer-policy: origin-when-cross-origin, strict-origin-when-cross-origin
17:35:06.039 [main] DEBUG org.apache.hc.client5.http.headers - http-outgoing-1 << content-security-policy: default-src 'none'
17:35:06.040 [main] DEBUG org.apache.hc.client5.http.headers - http-outgoing-1 << content-encoding: gzip
17:35:06.040 [main] DEBUG org.apache.hc.client5.http.headers - http-outgoing-1 << X-Ratelimit-Limit: 60
17:35:06.040 [main] DEBUG org.apache.hc.client5.http.headers - http-outgoing-1 << X-Ratelimit-Remaining: 59
17:35:06.041 [main] DEBUG org.apache.hc.client5.http.headers - http-outgoing-1 << X-Ratelimit-Reset: 1591893305
17:35:06.045 [main] DEBUG org.apache.hc.client5.http.headers - http-outgoing-1 << Accept-Ranges: bytes
17:35:06.045 [main] DEBUG org.apache.hc.client5.http.headers - http-outgoing-1 << Content-Length: 36286
17:35:06.045 [main] DEBUG org.apache.hc.client5.http.headers - http-outgoing-1 << X-GitHub-Request-Id: E98C:4296E:8A4457:A50E21:5EE24F29
17:35:06.046 [main] DEBUG org.apache.hc.client5.http.impl.classic.MainClientExec - ex-00000002: connection can be kept alive for 3 MINUTES
17:35:06.156 [main] DEBUG org.apache.hc.client5.http.wire - http-outgoing-1 << "2[0xf][0xffffffbc][0xffffff93][0xfffffff6][0xffffffc9]8[0xffffff8a]fa[0xffffffbb]R[0xffffffb1]gny[0xffffffe4]F[0xffffffe3]y[0xffffffaf][0xffffffdc][0xfffffff7]'[0xffffff95][0xffffffc0][0xffffff99][0xfffffff9]ae[0xffffffe2]?[0xffffffb9][0xffffff9e]gWFN[0xffffffff][0xffffffd6][0x1f][0x4][0xffffffee][0xffffff9d][0x13][0xffffffe0]/[0xffffff9e]c[0xffffff87]NX1[0xfffffff5]z[0xffffffad]j[0xffffffb4][0xffffff8c][0xffffff93][0xffffffd7]'v[0x18]:Qxs[0xffffffa8][0xffffff88][0x15][0x11][0xf][0xffffff81][0xffffffe7]3[0xffffffcf][0xffffffb7][0x7][0xffffffb9][0xffffffc0][0xffffffe2][0xffffff97][0xffffffe1][0xffffff9e][0xffffffd5][0xffffff95][0xffffffc1]?[0xffffffff]ejO[0xffffff9c][0xffffffd7][0xffffff9e][0xffffffdd]s[0xffffffbc][0xffffffdf]Q[0xffffffd2]8[0xffffff9a]x[0xffffffb9]r2[0xffffffcd][0xffffffb1][0xffffffb6]!"{T[0xffffffb9][0xffffffd3][0xffffffcb]f[0xffffffbd][0xffffffac]#[0xffffff90];8i[0xffffffc7]M[0xfffffff3][0xfffffffa]d[0xffffffea][0xf][0xffffff9c][0x1b][0xfffffffa][0xffffffd5][0xffffffc9][0xfffffff9]Y[0xffffffbf][0xfffffffe]a[0xfffffff2]K[0xfffffff8][0x1f][0xffffffbf]~[0xfffffff7][0xfffffff4][0x1f][0xffffff9d]w[0xfffffff7][0x17][0xffffff9f]>[0xffffffe8][0xffffffe7][0xffffff9d][0xffffffdb][0x7]\[0xffffff82][0x0]7T[0x1b][0xffffff9c][0xffffff95][0xffffffc6][0xffffff89][0xffffffec]`[0xffffffe4]D7[0xffffffe8][0xffffff8c][0xffffff89][0x1b][0xffffffb9][0xffffffe1][0x18][0x7f][0xffffff9c][0xffffffd8]a[0xffffffe4][0x4][0xffffffb8]@[0xffffff9e][0xffffff8c][0xffffff9f][0x6][0xffffff81]=[0xffffff8c]N[0xffffffda]C[0xffffffdb][0xb][0x1d][0xfffffff4][0xffffffc3]<[0x1a][0xfffffffb][0xffffffc1]I[0xfffffffb][0xfffffff3][0xffffff89][0xffffffe7][0xffffff8f][0xffffffdc]).[0xffffffb1][0xffffffa7][0xffffff83][0x0][0xffffffdd][0x15]E[0xffffffb2]fV[0xffffffab]e[0xffffff98][0xfffffffa]b[0xffffffbd]~[0xffffffaa][0xffffffff][0xfffffff2][0xffffffef][0x17]^[0xffffffff][0xffffffd3]y[0xffffffed][0xffffffb2][0xfffffff3][0xfffffff6][0xfffffff1][0xfffffffc][0xfffffff4][0xffffff9b]o[0xffffffa8]K[0xffffffef]l[0xffffffd4] [0xffffffdf][0xffffffa5][0xfffffffc][0xffffffcb][0xffffffd0][0xffffff92]M?[0xf][0xffffff9d][0xffffffa0][0xffffffef]O#g[0x1a][0xfffffff1][0xffffffa0][0xffffff99]WD[0xfffffff8][0xffffffbf][0xffffffdc]}SE[0xffffff88]Q [0xffffff83][0xfffffff0][0xfffffffd][0xffffffe3][0x17]k[0xffffffc7][0x7][0x5][0xb]+[0xffffffd9][0xfffffffa][0xffffffae][0xffffffef][0xffffff92][0xffffffec][0xffffff99]C[0xffffffdf][0xfffffff3][0xfffffffc]{\[0xffffff9f][0xffffffaf][0xffffffef][0xffffffe2][0xffffffa0][0xffffffce][0x15]QI.C[0xffffffdd][0xffffffc4][0xffffffcf][0xffffffee]t[0xffffffb4]O[0x8]\[0xfffffff6][0xffffffb9][0xffffffe2]Gc[0x7][\r][0xffffff86][0xffffffdb][0xffffffa0][0xfffffff1]4r[0xffffffc3]M3"_[0x1d][0xffffffbe][0xffffffe4]s[0xffffff85][0xfffffffe][0xffffff83]!CAB[0xffffffb4]v[0xffffffe0][0xffffffe4][0xffffffc7][0x7f]n[0xffffffaa][0xffffffe6][0xffffffc3][0xffffffc8][0xffffff8b]P[0xffffffa1][0xfffffffb])[0xffffffea][0xfffffff2][0xffffff99][0xffffffe7]2G[0xffffff9b][0xfffffff7][0xffffffc2]~[0xffffffe0][0xffffffce]"[0xffffffd7][0xffffff9f][0xffffffee][0xffffffd8]R[0xb][0xffffff97]"[0xffffff94][0x1f][0xffffff8c][0xffffffec][0xffffffa9][0xfffffffb]d[0xffffffef][0x11][\n]"
17:35:06.156 [main] DEBUG org.apache.hc.client5.http.wire - http-outgoing-1 << "[0xffffff97][0xffffff86][0xffffff88][0xffffffc0][0x0][0xffffffb3][[[0xfffffff3]%[0xffffffb8][0xffffffd4][0xffffffb9][0xffffffc3][0xffffff80][0xffffffdb][0xfffffff1]Zq[0xffffffcd][0xffffffe7][0xffffffca][0xc] f[0xfffffff7][0x1f][0xffffffa9]9[0x2][0xffffffa7][0xffffffef][0x0][0xffffffd1][0x6]7[0xfffffffb][0xffffffc4][0xffffffcb]][0xffffff8c]p[0xffffffd1][0xffffffe3][0xffffff8c]&[0xfffffff0][0x7][0xfffffff4]?[0xffffffb5][0xffffffb5][0x1b]97[0xfffffff6]`B[0xffffff93][0xffffff90]'[0xffffffe7][0xffffffef][0xffffffaf]Of[0xffffff81]#[0xffffffc1]3[0xffffff99][0xffffffb0]}L[0xffffffce][0x8]U[0xffffffb0]1[0xffffff87]OL[0xffffffdd]h[0xffffff95][0xfffffff4]f[0xffffffc9][0xffffffa8]w[0xc][0xffffffbd]]5[0xffffffda][0xffffffa6][0xfffffff5][0x1f][0x8]5[0xffffff9b][0xfffffff7]<[0xffffffcc][0xffffffff][0xffffff85][0xffffffb3][0xc][0xffffffbd]d[0x18][0x1d][0xffffffd3]j[[0xffffffd5][0xffffffb6]^[0xffffffa7][0xffffffb3]$d[0xffffffb6][0xffffffaf][0xffffff9f][0xf][0xffffffec]"T[0xffffffc5][0xffffffa8]U[0xffffffab]5[0xffffffb3][0xffffffd5]Bp[0xffffff9a][0xffffffc0][0xfffffff1][0xffffffe1]"v[0xffffffbc]}[0xffffffbc][0xfffffff4][0xffffffbe][0xfffffff7]z[0x7f][0xfffffffd]e[0xffffffdc]7[0x7f][0xfffffff9][0xffffffb6]o]x[0xffffff83][0xffffffb3][0xffffffb7][0xffffffc6][0xffffffc5][0xffffffd9]O[0xffffffc6][0xfffffff9][0xffffffa7][0xffffffdb][0x1a].[0xffffff95]P[0xffffff95]y[0xffffff82][0xffffff94]$[0xffffffc6][0xffffff95]<w:[0x7f][0xffffffb0][0xffffffcc]2[0x6]yy[0xfffffff4][0xffffff84]s[0x19][0xffffff8c]O[0xffffffda][0xffffffd3][0xffffffb9][0xffffffe7][0xffffffc5][0xffffffd0][0xffffff8f][0xffffffc6][0xffffffcc][0xffffffa0][0xffffffd9][0xfffffffd][0xffffffd8][0xffffff9d][0xfffffff4]|?[0xffffffae][0xffffff91][0xffffffd9][0xffffffaa][0xffffffeb]V1[0xffffff96][0xffffffa1]^[0xffffff9d][0xffffffbf][0xffffffdf][0xffffff9f][0xffffffdf]o[0xffffffc4]2s%[0xffffff96][0x19][0x1c][0xfffffffe][0x19]X[0xffffff96][0xffffffd6]v=[0xffffff92][0xffffffa5][0xffffffe7][0xffffffed][0xffffff84]c[0xfffffff2][0xffffffb2][0xfffffffd]Ql1[0xffffffc0]s0,[0xffffff8e][0xfffffff4],[0x4][0xffffff8b][0xffffff83][0x1c][0xe][0xffffffbf][0xffffff92][0xffffff88]Y[0xffffffe0][0xffffffc3][0xffffffe0][0xffffffd9][0x19][0xffffffbd][0xffffffe2]@[0xffffffbb]bW|[0xffffffdd][0xffffffee][0xffffffc8][0x15]_y[0x18][0xffffffdc]J[0xffffffeb][0xffffffb1][0x0]yh[0xffffff8a][0xffffffcd][0xffffffa8]%[0x1f][0xfffffff0]7[0xfffffff2]L{6[0xfffffff3][0xffffffdc]>[0x3][0x7f][0xffffffe5][0xffffffa1]4zrg[0xffffff88][0xffffff82].[0xffffff8b][0x8][0xfffffffc][0xffffffc4][0xffffffca][0xffffffcc][0x19][0xffffffd0][0xffffffaf][0xffffffdc]'[0xfffffffc][0xffffffc6][0xffffffb4],[0xffffffbd]^ob[0xffffff9d][0xffffff82][0xffffff87][0x11]/[0xffffffe5][0xfffffffa][0xfffffffe]|[\n]"
17:35:06.170 [main] DEBUG org.apache.hc.client5.http.wire - http-outgoing-1 << "[0xffffffb0][0xffffffab]6kf[0xffffffe3][0xfffffff5][0xffffffc9]2[0xfffffffe][0x11][0xffffffb2][0xffffff99][0x1d][0xffffffa3][0xffffffd9]6[0x1a]m[0xffffffab]A[0xffffffc8]6[0xffffff9f][\r]r[0x18][0xffffff99]=[0xffffffa7][0xffffffca][0x18][0xffffffd9][0xb][0xfffffffc]{[0x0][0xffffffef]MR[0xffffffcc][0xffffffe2]Rc[0xffffffdb][0xffffff95]\|y[0xffffffbc][0xffffff9c][0xffffffcb].|W[0xffffffc1][0xffffffd6][0xffffffef][0xffffffaf][0xf][0xffffff8b][0xffffffb8][0xffffff96]N+[0xffffffea][0x4]qq[0xffffffb8]5[0xffffffe2]>[0xffffff9d][0xffffffd2]jr[0x13][0xffffffe2][0xffffffd6][0xffffffab][\n]"
17:35:06.170 [main] DEBUG org.apache.hc.client5.http.wire - http-outgoing-1 << "q[0xffffff93][0xffffffe7][0xffffff88]B\[0xffffffdf][0xffffffaf]([0xffffffc4][0xffffffc5][0xffffff9b][0xffffffc7][0xffffff9f][0x6]q[z[0xffffffad][0xffffffda]ZF\[0xffffffa3]U[0xffffffd3][0xffffffab][0xffffff8d]&[0xfffffffe][0xffffffb2][0x1e]t[0xffffffab][0xffffffad][0xffffffcd][0xffffffa0][[0xfffffffb][0xffffffaf][0x1][0xffffffdd][0x14][0xffffffb9][0xe][0xb][0xffffffba]V[0xffffffbd]iX)[0xffffffe8][0xfffffff2][0xffffffe1]v[0xffffffa0]{n^[0xffffff9e][0xffffffbd][0xffffffa5][0xffffffa5][0xffffffeb][0x1a][0xffffffd0][0xffffff9d][0xffffffd8]}?[0xffffffdc][0x1]r[0xffffffd5]+{[0xffffffe6]q[0xffffff9d][0x7f][0xffffffb9]U[0xffffffaf][0xffffffec][0xffffffab]v[0xffffffec][0xfffffff2]-[0xffffffa5]^[0xffffffd9][0x17]7[0xffffff94][0xffffffb0][\r][0xfffffff2][0xffffffd2][0xffffff8b]_][0xffffffaf]7[0xffffff9b][0xffffffd8]l[0xffffffcb]/~[\r][0xffffffcb][0xffffffa8][0xffffff9b][0xffffff86][0xffffffb9][\n]"
17:35:06.171 [main] DEBUG org.apache.hc.client5.http.wire - http-outgoing-1 << "[0xffffff89][0xffffffc5][0xffffff8b][0xffffffbd][0xffffffd5][0xffffffae][0xffffff9a][0xffffffab][0xffffff91]8>[0xffffffa7][0xffffffa6][0xffffffbf][0xfffffff4][0xfffffff2]w[0x1][0xffffffce][0xe][0xffffff8f][0xffffffc3][0xffffffe6]"[0xe][0xffffffa3][0xffffff91][0xffffffb2][[0xffffffa8][0xffffffab][0xffffffb6][0x1b][0x18][0xffffff87][0x1f][0xffffffd7][0xffffffe3][0xfffffff0][0xffffffbd];[0xffffffc5]f[0xffffff83]xa[0xffffffd9][0xffffffb8][0xffffffd3][0xffffffa0]@X[0xffffff81][0xffffffb0][0xffffffda]7[0xffffff8d]*[0xffffff87][0xffffffd9][0x7f]Hf[0xffffffd3][0xffffffa1]Ax[0xffffffc3][0xfffffff6][0xffffff83]Q[0xffffffb5]j[0xffffff96][0xffffff81]}[0xffffff86]<[0x2][[0xffffffd8][0xffffff97][0xffffffa8][0x2][0xffffff99][0xffffff8b][0xffffff97][0xffffffc2][0xffffffbb][0x0][0xffffffb0]X.[0xffffffbf][0xffffffe4][0xfffffffe]C[0xffffff8a]c[0xffffff87]E[0xffffffdf][0xffffffaa][0xffffffde]02[0xffffffe8][0xffffffcb][0xffffff87][0xffffffdb][0xffffffa1][0xffffffef]O[0xfffffff7][0x17]O[[0xffffffa0]/[0xffffff96][0xffffffef][[0xffffffa2][0xffffffaf]|[0x17][0xffffff8b][0x1f][0x5]j[0xffffff9f][0x17][0xffffff9b][0xffffffde]j[0xffffff9f][0xffffffb7][0xffffffe0]3[0xffffffb5]X[0xfffffff4][0xffffffaa]}[0xffffffde][0xffffffca]bC[0x1c]x[0xffffffa9][0xffffffbb][0x9]ek[0xffffff96]i6[0xffffffaa][0xffffffcb]([0xffffffdb]h[0xffffffb4],[0xffffff93][0xfffffff6]"[0xffffff8a]a[0xffffffd6][0xffffffec][0xffffffe8][0xffffffad][0xffffffb6][0xffffff81]uns[0xfffffff5]:[0xffffff97][0xffffffcf]1u[0xfffffff9][0xffffff91][0xffffffeb][0xffffff85]aV[0x2][0xffffffd6][0xffffffef][0x1f][0xffffffe9][0x13]}[0xffffffd0][0xffffffb3][0xffffffbd]<C`k[0xffffffd2][0xffffff84][0xffffffbc]<C[0x13]@[0xffffff9b]>'[0xffffffa0][0xffffffbc]<[0x13][0xffffffb0][0xffffffe7][0xf][0x1e][0xffffffb1][0x5][0xffffffff][0xffffffed][0xffffffdc][0xfffffff5]"m[0x18][0xfffffff8][0x13][0xffffffed][0xffffffba][0xffffffeb][0xffffffb4][0x1a]M[0xffffffcb][0xffffffae]W[0xffffffab][0xffffffba]Q[0xffffffef]~[0xfffffffc]:[0xffffffe6]z[0xffffff8c]GeIh([0xffffffe3][0xffffff8b]F[0xffffffcc][0xfffffff2]([0xfffffff5][0xfffffff1]Y5[0xffffffb0]=<[0xffffffa3][0xffffffef]*[0xffffffd9]+m[0xffffffbb][0xffffffd5][0xffffffc3]S[0xffffffb4][0xffffffd9]l[0xffffffe8][0xffffff8d]z[0xffffffdd]hV[0xffffffcd]Z[0xffffffad]YoX[0xfffffffa][0xffffffa0]a[0xffffffbd]*[0xffffffff][0x16][0xfffffffc]6[0xffffffa5][0x7f][0x17]~[0xffffffe4]h[0xffffffd1][0xffffffd8][0xffffff8e][0xffffffb4]{[0xffffffd0]H[0xfffffff0][0xffffff93][0x1b]j[0xfffffff2]s'[0xe][0x1c][\r][0xffffff9f]B[0xffffffdd][0xffffffc9]|[0xffffff82][0xffffffdf][0x11][0xffffffa5][0xffffffc1][0xffffff99][0xe][0xffffff9c][0xffffff81][0xfffffff6][0xffffff9d][0x1b]8C[0xffffffff]A[0x3][0xffffffaf]$[0xffffffc4][0x7][0x5][\n]"
17:35:06.171 [main] DEBUG org.apache.hc.client5.http.wire - http-outgoing-1 << "3[0xffffffb6]C[0xffffffad]?[0xffffffb6][0xffffffa7]#[0xfffffffc]9[0xfffffff2][0xffffff93]3[0xfffffffe][0xfffffff9][0x7f][0xfffffffe][0xffffffbf]u=)[0xffffffeb][0xffffffab][0xffffffaf][0xffffffbe][0xffffffd2]~[0xffffff98][0xffffffe2][0xffffff93][0xffffff82]6[0xb][0xfffffffc][0xffffff9e][0xffffffe7]L[0xffffffc2][0xffffffb8][0x16]%[0xffffffed][0x6]/([0xffffff97]W"
17:35:06.234 [main] DEBUG org.apache.hc.client5.http.wire - http-outgoing-1 << "[0xffffff9a][0xffffffa1][0xffffff97][0xffffff8d][0xffffff9a][0xfffffff6][0xfffffff5][0x1b][0x10][0x16][0xfffffff0][0xffffff9d][0xffffffd1]~[0xffffffd5][0xffffffbe][0xffffff89]O[0xffffffd1][0xffffffb4][0xffffffb3]9j[0xffffffea]s[0xffffffad]h[0xffffffa6]L#[0xfffffffc][0xffffffe7][0x1f]s[0xffffffd4][0x5][0xffffffd5][0xffffff92]mw[0xffffff8a][0xffffffcf][0x1c][0xfffffff2]v[0xffffffd0][0xffffffed]T[0xc][0xffffffd8][0xc][0xffffff93]P[0xffffff9b][0xffffffcc][0xffffffc3][0xffffff88][0x2]iZ[0xffffffcf][0xffffffd1][0xffffffa6]>[0xfffffffa][0x15][0xffffffdf]9[0x6][0xffffffaf][0xffffffb5][0xffffffcc][0xfffffff7]M[0xffffffdc]?[0xffffffae][0xffffffc0][0xffffffdf][0xffffffb4]{?[0xffffffb8][0xffffffd5][0xfffffffc][0xffffffa9][0x16]WBs[0xffffff87][0xffffffda][0xffffffa3]?[0xffffffd7]&[0xfffffff6]t[0xffffff8e][0xffffffa8][0xffffff8f]"P[0xffffffbc]6[0xffffffd1][0xffffffdc][0x8]U[\n]"
17:35:06.235 [main] DEBUG org.apache.hc.client5.http.wire - http-outgoing-1 << "[0xfffffffc][0xfffffff9]h[0xffffffac][0xffffffd9][0xffffffb8][0x1c]l[0xffffff82][0xffffffb4][0xffffff84][0xffffffb8][0x6][0xffffffaf][0xffffffb5]p[0xffffffde][0xffffffc7][0xffffffdf][0xffffffc3][0xffffffb8]e[0xffffff92]6[0xffffffd1][0xffffffb4]_[0xffffffc7][0xffffffae][0x17][0xffffffa2]TG[0xffffffb3][0x3][0xffffff87][0xb][0xffffffc7]7=*[0xffffffdf][0xffffffc6][0xfffffffd][0xffffffcd][0xffffffec][0xfffffffe][0xffffffad][\r]N[0xffffffc8]H[0x1b][0xffffffba][0xf][0xffffffda][0xffffffd0][0xf]D[0xf][0xffffffc9][0xfffffff6]{M[0xfffffff5][0x12][0xffffffd5][0xffffffe9][0xffffffdb]S[0xffffff9c]2[0x1d]h[0x13][0x1f]Q[0x6]Nd#*E[0x19][0xfffffffb][0xfffffff7][0xffffffd4]j|S6[0xffffffaa][0xffffff89]S[0xffffffb8][0xffffff93][0xffffffdd]0D{[0xffffffba]SjO[0x11][0xffffffe2]Zt[0xffffff81]l[0x1e][0xfffffffe]V[0xfffffff4]Q[0xb][0xffffff9d]>[0xfffffffd][0xffffffa0][0xfffffff9]Cn[0xfffffff8][0xffffff81][0xffffffdf][0xffffff9f]Ss[0xfffffff3]_[0xffffff93][0xffffff9b]@[0xfffffff7][0xfffffffd][0xffffff8a][0xffffffb2][0xfffffff1]1'[0xffffffdb]_[0x7f][0xffffffa7]6C[0xffffffc3]kaDM;[0xffffffb6][0xffffffef][0xffffffa8]k[0x1c][0xffffffed][0xfffffffa][0xffffffdc][0xffffffed][0x7]~[0xffffffe8][0xf]#[0xffffffed][0x17]7D[0xffffff93]jW[0xffffffd1]|[0xffffffe0][0xfffffffa][0xffffffb8][0xffffffdd][0x1]H[0x14][0xffffff81][0xffffffdb][0xffffff9b]G6[0xffffff86][0xffffff87][0xffffffa8]U[0xffffff80][0xf]O[0xffffffee][0xffffffc4][0xfffffff9][0xffffff88][0xffffffaa]b[0xffffffc3][0xffffffdb][0xfffffff3]0[0xffffffc0]P[0x1d][0xffffffdc]w[0xffffffa0][0xffffff85][0xffffff8f] [0xffffffd6]Ld[0xffffffab]8Z[0xf][0x3]&x[0xffffffa4][0xffffff9b][0xffffffc5]5eM[0xffffffeb][0xffffffe0]6E[0xc][0xffffffdc][0xffffffae][0xffffffad][0xffffffdd][0xfffffff2][0xffffffc8][0xffffffeb][0xffffffcd]G[0x1a][0x1e]<[0xffffffe8][0xc]48[0xffffffb8]'[0xffffffce][0xfffffff4][0x7f][0xffffff8b]4*m[0xffffffb1][0xffffff81][0xffffffe5][0x14]X[0x18][0xffffffba][0xffffffa7][0x3][0xc][0xfffffffe]t[0xffffffc4]^[0xffffffcd]g3?[0xffffffc0][0xffffffc0]C[0xffffffa7][0xffffffc4]3[0x2]5;[0x5]u[0xffffffc7]w[0xffffff93][0xfffffff3]4[0xffffffdc][0xffffff9c][0x1d]D[0xffffffd4][0xffffff83][0xffffffcb][0x13],;[0xfffffffc][0xffffffa8][0xffffff8e]T[\r]T[0x1f][0xffffffdf][0xffffffee][0xffffffa6]hv[0xfffffffc]([0xffffffaa][0xffffffbf][0x1c]][0xffffffde]z[0xfffffff8][0x1a]C[0xffffff8e]'[0x1c]}[0xffffffee][0xb]|[0xffffff8c]x[0x1e]/N[0xffffffa8][0xfffffff5]@[0xfffffff6][0xffffffa2][0xffffff96][0xffffff92]][0xfffffffb]W[0xffffffa2][0xffffff82][0xfffffffd][0xffffffe2]:[0xfffffff7][0x1f]3#/{[0x7][0xffffffb2][0xffffffda]<Np5[0xffffff9a][0x11]=[0xffffff95][0xffffffad][0x1f][0xffffff86]\[0xffffffdf][0x9][0x1][0xe][0xfffffff3][0xffffffe9]T[0xc]P[0x11][0xffffffda][0xffffffc6][0x8][0xffffffa3]>[0x16]}A[0xffffffd5][0xffffff89][0xffffffab][0x1b][0xffffff9f]I[0xfffffff7][0xffffff8d]q[0xffffffe6][0xffffffe0]?[0xffffff98][0x1b][0x18][0xffffffa7][0xffffffce]d[0xffffffee][0xffffffd9][0x11][0xffffff9a][0xffffffcd][0xf]D[0xc][0x1e][0xffffffec][0xffffffb3][0xfffffff1]c[0xffffff88]O[0xffffff94][0x1e][0x6][0xffffffef][0xffffff9d][0xffffffdb]w[0xffffffe2]V[0x10][0xffffff80]B[0xffffffb5][0xffffffc9][0xffffff94]#{7[0x6][0x0][0xffffffd9][0xffffffcd]4I[0xffffffd1][0x16]C7@[0xffffff85][0xffffffae][0xffffff9d])[0xffffffb7]'[0xffffffe0][0xffffff81] n[0xffffffe0][0xffffffa0][0xffffffe7]y"[0xffffffa1]0[0xffffff8a][0x16][0xffffffdf][0xffffffb0](-[0xffffffdb],[0x1d][0xfffffffc][0xfffffff5]W[0xffffffa7]w[0xffffffc6][0xffffffc4]9[0xffffffad][0xffffffef][0xffffffb9][0x4]/b ;4[0xffffffd7]1[0xffffff82][0xffffffbb]3[0xffffffdc][0x0]:~r[0x1][0xfffffffe]WW[0xffffffeb][0xffffffdb]3[0xffffffbb][0xffffffe7]zn[0xfffffff4][0xfffffff8]1[0xffffffe9][0xffffffb4][0xffffffdf]N[0xffffffba][0xfffffff4][0xfffffffe][0xffffff84][0xffffffa1][0xffffffd0][0xfffffffd][0xffffffed]Dt[0x13][0xffffffae][0xffffff8c][0x7f][0xfffffff7]^[0xfffffff4]S[0xfffffff6]R[0x1e][0x1f]n[0xffffffdc]a]@}[0x1b]wB@{)[0xffffffb8]?][\n]"
17:35:06.235 [main] DEBUG org.apache.hc.client5.http.wire - http-outgoing-1 << "[0xffffffbe]Pw[0xffffffd9][0xffffffdb][0x1a]mc[0xffffffc7]3T[0xffffffb6][0xffffffbe][0xffffffec][0xffffff9c][0xfffffff4][0xffffffb3]o[0xffffffa6][0xffffffdf][0xffffffe9][0x6][0xffffff87]`kh [0xffffffa8]Dt[0xffffffdd][0xffffffd4][0xffffffb9]O[0xffffffef][0xffffffc1][0xffffffc5][0xffffffe8][0x9]gN[0xffffffdf][0x1d][0xffffffba]}*P6[0xffffffd4]k[0xffffff9e][0xffffff80][0xffffffc1][0xffffff9c][0xffffffe1]@6[0xffffffb8][0xffffffc4][0x16][0xffffffac]b[0xffffffa8]Z[0x13]1[0x1a][0xffffff9d][0x7]{[0x2][0x14][0xffffffc6][0xfffffff3][0x0]][\r][0xffffffb8][0x1d]2[0xffffffe6][0x8][0xffffffa0]A[0xffffffcb][0x15][0xffffffdd][0xffffff97][0xffffffa8][0xffffffec][0x2][0xffffffb6]P7[0xffffff9d][0xffffff9f]],[0xffffffe0][0xffffffa4]#z[0xe],Fz[0xffffffec][0x0][0xffffffc1]4[0xffffffb9]By[0xffffffcd][0xffffffad][0xffffffb2][0xffffffb2]S[0x18][0xffffffda]E[0x19][0xffffff81][0x13][0xffffffcd][0xffffff83][0xffffffa9][0xffffffb6][0xffffffd8]9tc[0xffffff8e][0xffffff8d][0xffffffd9]2$[0xffffffc4][0xffffffc5][0xffffff9c][0xffffffa6]aB[0x11][0xffffffe3]^[0xffffff8e][0xffffffdb][0xffffff96]F[0xffffffa0][0xffffff88]#[0xffffff86][0xfffffffb][0x2]<[0xffffffbc][0x11][0xffffff8f]?[0xfffffffa];[0xfffffffd]+io0'[0xffffffc1][0xffffff95][0xffffffc1][0x0]>[0xffffffc7][0xfffffff3][0xffffffc6][0xffffff9f]:[0x11][0xffffffc6]!:[0xffffffd4][0xffffffee]c[0xffffffec]S[0x11][0xffffffe2][0xffffff81][0xffffff99]<[0x4]5[\r]l[0xffffffc4]ZYG[0xffffffc3][0xffffffa1];[0x19]-l[0xffffffe0]o@[0x1d][0xffffff82][0xffffffaa][0xffffffb9]`[0xffffffec][0x5]S[0xffffffcc][0xf]y[0x19][0x3][0xf][0xfffffff5]@f[0xffffff96][0xffffff8a][0xffffffca][0xffffffd1][0xffffff93]z>[0xffffffa5][0xffffffcf][0xfffffffd][0xffffffb8][0xffffff92][0xffffffe3]$[0x8]B#[0xffffff9a][0xffffffee],S#L[0xffffffec][0xffffffc8][0xffffffef][0xfffffffb][0xffffffde][0x2]b[0xffffffc6]K[0x0][0xffffffc2][0x15][0x1b][0xffffffed][0xffffffc3][0x17][0xffffffe1]Y[0xffffffe0][0xffffffa3]+[0xffffffc7][0xffffffb6]7[0xffffff8c][${;[0x4][0x1d][0xb]-[0xfffffff2][0xffffff9d][0xfffffffb][0xffffff90][0x5]L[0xffffffb4][0x7][0xffffffc1][0x1a]u[0xffffff9d][0xffffff8d][0xffffffa6][0xffffff98][0xffffffcc]"[0xffffff84]M[0xffffffd7][\n]"
17:35:06.235 [main] DEBUG org.apache.hc.client5.http.wire - http-outgoing-1 << "[0x13]{[0xffffff80][0xffffffe5][0x6]=[0xffffffbd]P[0xffffffb8][0x1b]?[0x0][0xffffffc4][0x1d]e[0xffffff81][0x8]0[0xffffffae][0xffffffdd][0xffffffdb]..[0x16][0xffffff8f][0xffffffc3][0xffffff85][0xffffff9b]A[0x1f][0xc][0xffffffc2][0xffffffb1]}[0xffffff8b][0xffffffa7][0x1]f[0xe]b[0xffffff81][0x15]5[0xffffffc7][0x1a]f$[0xffffffe2][0xffffff88][0xffffffbb][0x10][0xffffffc3][0xffffff87][0xffffff96],=[0x7]c[0xffffffca][0xffffffc1]sEr[0xffffffb5]b\[0x9][0xffffffc7][0xfffffffe][0xffffffdc][0xffffffc3][0xffffffa0][0xffffff9d][0xffffffa0]q[0xfffffff0][0xffffffd4][0x12][0x15][0xffffffe2][0x9].[0xffffffe2]`4[0xfffffff3][0xffffffd0][0xffffffa3]^[0xffffffa4][0xffffffc9][0xffffff93][0xffffffc2][0xffffff85][0x1c][0xffffff9c]a[0xffffffd2][0x10]4[0xe][0xffffffc0][0x6][0xffffffec][0xffffff83]/[0xffffffa6]9A[0xffffff80]>[0xffffffeb][0xffffff83]\[0x1a]j[0xffffff98]4[0x3]m0[0xffffffe7][0xffffff81][0x10][0xffffff8f]h[0x11]S[0xffffff80][0xffffffb6]([0xffffffe8][0xffffffd7]1*hs[0x19][0xfffffff1]I[0xfffffff7]\o[0x1e]?[0xfffffffe]t[0xffffffe8][0xffffff8e][0xffffffe6]xl[0xffffff8a]^v[0xffffffa7]wX5[0xffffffd1]\[0xffffff9b][0xffffffcd]#[\r][0xfffffff4][0xb][0xfffffffb]uz[0xffffffdb][0xffffffd9][0xffffffb2][0xffffffc5],[0xffffffa0][0xffffffcb][0x10][0xffffff8b][0xffffff96]<[0xffffffb6]wo?b:af[0x3][0x12][0xffffff88][0x18][0xffffffaa]i[0xffffffa7][0xffffffa2][0xffffff8f][0xffffffd2][0xffffffb6][0xfffffff3][0xfffffff1] [0xffffffc7][0xffffffa3][0xffffff8c][0x7][0xffffffa5]hB9F'[0x18][0x10][0xffffffc0]B[0xffffffc4]K[0xffffff80][0xffffff90][0xffffffc6]l\=^+[0xffffff88][0xffffff8a][0xffffffc8]5[0xffffffd6]=Z[0xffffff94][0xffffffe7]![0xffffff83]i\m0gym[0xfffffff1]1i[0xffffffa7][0xffffffb8]6[0xffffffde]c[0xffffffd2][0xffffff9c][0x14][0xffffffe7][0xfffffffa][0xffffffe7][0xffffffb7][0xffffffa7]g[0xffffffe7]o?[0xffffffb6][0xffffffb5]xi[0xffffffbc][0xffffff81])[0xffffffd2][0xfffffff3][0xfffffffc]^E[0xffffffd0]p+[0xffffffe2][0xffffffda][0xfffffff2][0xffffff84][0xffffff9f][0xffffffd0][0xffffffd7][0xffffffdf][\n]"
17:35:06.235 [main] DEBUG org.apache.hc.client5.http.wire - http-outgoing-1 << "[0x6][0xffffff8a][0xffffffd6][0xfffffff1]}[0xffffffaf][0xffffffe7]?dB[0xffffffe2][0xffffffb9][0xffffffe0]x[0xfffffffe][0xffffffcc][0x9][0x16][0x16][0xffffffdd][0xffffffce][0xffffffb4][0xfffffff4][0xffffffe1][0xffffffaa][0x2][0xffffffa4][\n]"
17:35:06.235 [main] DEBUG org.apache.hc.client5.http.wire - http-outgoing-1 << "+tIX[0xffffff91][0x1]nd[0x0][0xe][0xffffff9a]yx[0xffffffa0][0xffffff87][0xffffffd0]2[0xfffffff6][0xffffffb4][0xffffffef]dB[0xffffffdf][0xffffffcf][0xffffffa2][0xfffffff2][0xfffffff0][0xffffffd1][0xffffffc5][0xffffff8a]=[0xffffff9c]{[0x11][0xffffffbe]a;=[0xffffffc9][0xffffffd2][0xffffffc6][0xffffff84][0xffffff8d][0xffffffc2][0xffffffbf][0xfffffff0]6[0xfffffff7]7[0xffffffce][0x3][\n]"
17:35:06.236 [main] DEBUG org.apache.hc.client5.http.wire - http-outgoing-1 << "[0xffffffc7][0xffffffca][0x7][0x13][0xffffff90][0xffffffc1][0xffffffab][0x18]:[0xffffffd3]6[0xffffffd8]XaT[0xffffffab][0xffffff92]T[0xffffffad][0xfffffff2]&~f"
17:35:06.236 [main] DEBUG org.apache.hc.client5.http.wire - http-outgoing-1 << "[0xffffffa1][0xffffffab]*[0xffffff8b][0xf][0x1a].m[0xffffffcb]E[0x1a][0xffffffad][0x7]x}[0xffffff96]V$[0x14][0xb][0xffffffa3][0xfffffff2]$^[0xffffffe6]1[0xffffffcb][0x18]-7[0xf]+c[0xffffffc7][0xffffff9b]U[0xffffffcc]V[0xffffffa3][0xffffffa1][0xffffffeb]V[0x5][0xffffffbd]_[0xffffffc2]s[0x14][0xfffffff7]\[0xffffff92][0xffffffd7]8[0xffffff83][0xffffffd2][0x1d]/[0x9]K[0xfffffffd]R[0xffffffbc][0xffffffc0]f|[0xffffffbc]N[0x17]0iA[0xfffffff7][0xffffffee][0xffffffad][0xffffffbb][0xffffffd0];[0xffffffe7]>[0xffffff9e][0xffffffc2]N%9[0xffffff97][0xffffffaf][0xffffff8c][0xffffffb1][0xffffffef]=^[0xffffff90]h[0x1][0xffffff94]^[0xf]x[0x7f],[0xffffff8f]|[0x7f][0xffffffe4]9\[0xffffffc5][0x10][0xffffffb8][0xffffffec][0xffffff80]R?[0xb]+r[0x1][0xfffffffd][0x17]w[0xfffffff0][\r][0xffffffde][0xffffffb5][0xffffff92]B[0xffffff86][0xffffffce][0xffffffd4]}X[0xffffff88][0xfffffffa][0xffffffb3][0xffffff83])[0xffffff87][0xffffffe7][0xfffffffe]s[0xffffffa2][0xffffffde][0x5][0xfffffff2][\r][0xffffff99]#g;&[0x13]VvQ)[0xffffffc4][0xffffffca][0xffffffb7][0xffffffef][0xffffffa0]u[0xfffffffa][0xffffffe1][0xffffffc2][0xffffffbd]S3b[0xffffffae].[0xffffff90][0xfffffffe][0xffffffb3][0xffffffa1][0xffffffca][0xffffffc4]f[0xffffffe4][0x2]v[[0x18][0x15][0xc]0p[0xfffffff8][0xffffffd3]F[0xffffffc3][0xffffffe0][0xffffffad]D<[0x15][0xfffffffa]x[0xb][0xffffff9a][0xffffffa0]f[0xffffffce][0xffffff9d]8[0x16]+/[0x1c][0xffffffcb][0xffffff95][0x17][0x17]^[0xfffffff0][0xffffff8e][0xffffff91][0xffffff96][0xffffffb0][0xffffffcf]=[0xffffffe2][0x5][0xffffff96][0xffffffde][0xffffffe6][0xffffffc4][0xb]I|[0xffffff8f]b[0xffffffbe][0xffffffbc][0xfffffff1][0xfffffffc][0xffffffd0][0x11]/&?;[0xffffffe1][0xc][0xffffffe0][0xffffffe6]t[0xffffffb3]3[0xffffff9c][0xffffff9a][0xffffff90]($[0xffffffc9][0xfffffff4][0x3][0xffffffcc][0xffffffa2][0x15]3[0xffffffbf][0xffffffc0][0xc][0xffffffe5][0xffffffcb]04h[0xffffffe5]S.[0xffffff88][0xffffff98][0xffffffb6]k[0xfffffff7][0xffffff8d][0xffffffef][0xffffffdf][0xffffffba][0xffffffce][0xffffffa1][0xffffff8a]Z[0x8][0xffffff96])[0xffffffe5][0xc][0xffffff99][0x1c][0xffffff91]s% x[0xffffffc7][0xfffffffb][0xffffffa1][0xffffff95][0x1][0xffffff9e][0xffffff90][0xffffff98][0xffffff8c][0xfffffff3]I9[0xffffffc1][0xffffff82]7[0xffffffe2][0xffffffb7]\[0xffffffc6]WwhM[0x1b][0xf][0xffffff80][0xffffff85]bD{[0xffffffbe][0xffffffc5]+;[0xffffffe0][0xffffffe8][\r][0xffffff98][0xffffff84][0xffffffb7][0xffffffef]h5[0xffffffd2]wfx[0xffffffac][0xffffffed]X[0x7]~[0x10][0xffffff89][0x1a][0xffffffbc][0xffffffa5][0x1f][0xfffffff1]~[0x14][0xffffffcd][0xffffffc3][0xffffffc5][0xffffffc2]W[0xffffff94][0xffffffb4]P[\r]t<W[0x2][0xffffffcb])Z,[0x1c][0xffffffaf][0x16][0xffffffb9][0xffffff82]D%[0xffffffbe][0xffffffc3][0xfffffffa][0x19][0xffffffb4]|[0xffffffac][0x1f][0xffffffc4][0x0][0xffffffdb][0xffffffb1][0xfffffff8][0x1d]:"_[0xffffff92]([0xffffffff][0xffffffaf]ND[0xffffffef][0x1e][0x3]1[0xffffffe6][0xffffff8e]W[0xfffffffa]b9I[0xffffffd9][0xfffffff1][0xffffffac][0xffffffea]GG-:-F[0xffffff94][0xfffffffc]N[0xffffffac]pp[0xffffffd3][0xffffffc1][0x0]o[0xfffffffb][0xffffffc0][0xffffffbc][0x1d][0xffffff8b][0xffffffdf]f[0xfffffff0]-[0x17]"[\n]"
17:35:06.237 [main] DEBUG org.apache.hc.client5.http.wire - http-outgoing-1 << "?[0xffffffb7][0x1f][0xffffffdc][0x9][0xfffffff6][0xffffff8d][0xffffff8e][0xffffffdd][0xffffffe1][0xffffff8b][0xffffffe5][0xffffffc8][0xffffffb2]i[0x1b][0xffffffee]%[0xffffffca]^(G[0xffffff94]}[0xffffffe1][0xffffffdc][0x1f][0x1d]m[0xffffffd2]2d[0xffffff99][0xfffffffe][0x15]6[0xffffffcc][0xfffffff6][0x1a][0xffffffdc][0xffffffdb]t[0xfffffff1]E&[0xffffffbc]([0xfffffff0]g[0xffffffac][0xffffffd0][0xffffffb7]Cn[0xffffffbc][0xffffffa4]5[0xffffffca][0xfffffffa][0xffffff9a][0xffffff87]D6T[0x6][0xffffffb7][0xffffffaf][0xffffffb0]y[0xfffffffa][0xffffff83][0xfffffff3][0x18][0xffffffbe][0xffffffb7][0xffffffb1]%[0x9][0x4][0xf]v[0x1d][0xffffffbb]1f[0xffffffc8]g[0xffffffd1]r[0xffffffbc][0xffffff85][0xffffffc2]x[0xffffff85][0xe][0xffffffe8]z#rU[0xffffff8e]0O[0xffffffe4][0xffffffa0]H[0xffffffcb][0x10]-y[0xffffffe5]D[0x1d],[0x8][0xfffffffd]y[0xffffffb4][0xffffffef][\r]n[0xfffffff1]t[0xffffffca][0x14][0xffffff92][0xffffff94][0xfffffffa][0x12][0xffffff98][0xffffff84]r[0xfffffff3][0xffffff98][0xffffff84][0xffffffe7][0xffffff97][0xffffffe7][0xffffffc8][0x7][0xffffffd6][0xffffffcf][0xffffffce][0xffffff90][0xffffffb6][0x14][0xfffffffb][0xffffffc7]x[0x1a][0x15][0xffffff96]#n[0xfffffffe][0x3]ouu|[0xffffffac][0xfffffff7][0xfffffff0]Z[0xffffffe5]\[0xfffffff1]s[0xffffffe9][0x8]=^XN\[0x5][0xffffffde]_[0xffffff95]K[0xffffff89][0xffffffa3][0xffffff94][0xffffff9d]-`[0xffffffa1]P^F[0x1c][0xffffffaf]H[0xe]/[\n]"
17:35:06.237 [main] DEBUG org.apache.hc.client5.http.wire - http-outgoing-1 << "L[0xfffffffb][0xfffffffe]P[0xffffffb3][0xffffffb8](b2[0xffffff8f][0xffffffb9]Pl;c[0xb][0xffffff81]V[0xffffff96][0xffffffbb][0xffffffbc][0xffffff9d][0xffffffe6]^[0xfffffff6][0xffffffc4][\n]"
17:35:06.237 [main] DEBUG org.apache.hc.client5.http.wire - http-outgoing-1 << "/[0xffffffac] [0xffffff98][0xffffff88][0xffffffc5][0xffffffa1][0xffffff97][0xffffffde][0xffffffbc][0xb][0x16][0xfffffffb][0xffffffab]^[0x7f][0x17][0xb][0xffffffe0]6[\n]"
17:35:06.237 [main] DEBUG org.apache.hc.client5.http.wire - http-outgoing-1 << "+[0xfffffff2][0xffffffd1]y*[0xffffffdf][0xffffffe4][0x17][\n]"
17:35:06.237 [main] DEBUG org.apache.hc.client5.http.wire - http-outgoing-1 << "I[0xffffffb6][0xffffffed][0x6][0xfffffffb][0xffffffdf][0xffffffc7]b1[0x12][0xffffff80][0xffffffde][0xffffff9d]q9"IR[0xffffffa3][0xffffff97]Q`[0xffffffcf][0xffffffb3][0xffffffcb][0xffffffc0]$B[0xffffffce][0xffffffa5]D2.[0xffffffe0]P[0xffffff91][0xb]bj~[0xffffffef][0x13][0x1e]@[0xfffffffb]W:F\1LW[0xffffffee]N[0xffffffef][0xffffffdd][0xffffffbf][0xffffffd9]7[0xffffffc9][0xffffffaf][0xffffffb2][0xffffffe1][0xffffffa9]@.t[0xffffff8c]D[0xffffffca] s[0x3]|L[0xffffffaf]W[0xfffffffc]W[0xffffffec][0xfffffffa][0xffffffd2][0xffffffe7][0x0][0xffffffda]O[0xf][0xffffffb0]l[0xffffffcb][0xffffff9c][0xffffffc7][0xffffffc7]a[0xffffffd9][0xfffffff5]+[0xffffffe2]'[0xfffffffa][0xffffffae])N[0x15][0xffffffbd][0xffffffea][0x4][0xffffff83][0xffffff85][0xffffffcd][0x5]:N[0xffffffc2]&[0xffffffaf]n[0xffffff9b][0xffffffc3]&[0xffffffa7]&5>[0x15][[0xffffffd9][0xffffff99][0xffffffba][0xffffffdc][[0xfffffffd]8=[0x1d][0xfffffff5]I[0xffffffdf][0xb][0xffffff93][0xffffff9f]J[0xffffffb4]1.^U[0xfffffff0][0xffffffda][0x11]o[0xffffff84]_[0xffffff8b]w%M[0xffffff8e][0xffffffc7]=[0x3][0xe][0xfffffff8][0xffffffbd][0xffffffae]$[0xffffffa7][0x9][0xffffffdf][0xffffffbc]|[0xffffffaa]h[0xfffffffc][0xffffffc6][0xffffffb5]gXD[0xffffffa5][0xffffff97][0xffffffb6][0x12][0xffffffbe]c[0xfffffff4]o9*[0xffffff96][0xfffffff4]Z<^[0xfffffff6][0xc][0xffffff8a][0x14][0xfffffff7][0xffffff92][0xffffff9c][0xe][0xfffffff1][0xfffffff6]L[0xffffffa4][0x9]([0xffffffd3]h[0xfffffff9][0xfffffff3][0xffffff8c][0xffffffb0][0xfffffff7][0xfffffffc]![0xffffffb1]D;[0xffffffa6]\[l>;}<[0xffffffd4][0xffffffb4][0xffffffbe][0xffffff83][0xffffff8d]y|[0xffffff93]X[0x1c]>[0xffffffbb]t[0xffffffd9]`8-[0xffffffc5][0xffffffe1][0xfffffff0][0xffffffd9]<[0x9][0xffffffc7][0xffffffe5][0xffffff9c][0xffffffcb][0xffffff95][0xffffffaf][0xffffffbc][0xffffff8d]=[0xffffffef][0xffffff80]?[0xffffff97]c[0xffffff9d]^[0x12][0xffffffb7][0xffffffc1][0xffffff91][0xffffffb1][0xffffffb6]}[0xffffffe6][0xffffffd0][0xffffffc0][0xffffffbe][0xffffffc4][0xffffffc2][0xffffffb8][0xffffffa0][0xffffff88][0xffffffa2][0xffffffb5]3[0xffffffd5][0xffffffdc]u[0xffffffff]/~$ [0xffffff98][0xfffffffc]z[0xffffffcb][0xffffffb5][0xffffffa5]e[0xffffffa5]v[0xffffffea][0xffffffa1]u[0xffffffb4][0xffffff8e][0xfffffff3][0xffffffb0]oO[0xffffff86][0xffffff88]R[0xffffffc2][0xffffffba]([0xffffffc0]8A[0x14][0x19][0xfffffff9][0xffffffd9][0xffffffe3][0xe]z[0x15][0xffffff8b][0xffffffe3][0xe][0xffffffeb][0xffffffb1][0x3][0xffffff8c];[\n]"
17:35:06.237 [main] DEBUG org.apache.hc.client5.http.wire - http-outgoing-1 << "[0xffffff9b][0x1f]wb[b[0xffffffcf]a[0xffffff80][0xffffff8d]r[0xffffffec]i[0xfffffff0]]w[0xffffffe8]cD<[0xffffff91][0xffffffc5][0xffffffca][0xc]_[0x17][0xfffffff6]m[0xffffffd7][0x8][0xffffffd1]J[0xfffffff1][0xffffff94][0x16][0xfffffffb][0xf][0x14][0xffffff8d]KJ[0xfffffff6]s[0xffffffc4][0xfffffffe]y[0xffffffb8]g[0xffffffdd][0xffffffe9][0x13][\n]"
17:35:06.237 [main] DEBUG org.apache.hc.client5.http.wire - http-outgoing-1 << "[0xffffffb8][0x17][0xffffffa3][0x12][0xffffffbf]H%_[0xffffffa7][0xffffffae][0xffffffbf][0xffffff85][0x1e][0x5]>[0xffffff85]j[0xffffff97][0xfffffff4]][0xffffffd4][0xffffffcb][0x4][0xffffffcf]l[0xffffffbe][0xffffffbf]u?9=_|m[0xffffffb9][0xfffffffe][0xffffffde][0xe][0xfffffff1][0xffffffa9][0xffffffe7][0xfffffffb]9X![0xffffffc5]g[0x7f][0xffffffa2]?}[0xffffffe2][0xffffffba][0x7f][0xffffff8f]e[0xfffffff3][0xffffffe4]Q[0xfffffffb][0x11]_[0xffffff85][0xfffffff0][0xffffffd3]<[0xfffffffb] [0xffffffc9][0xffffff84][0xfffffff7][0xfffffff5]w[0xffffffa3])d5[0xfffffffc][0xffffffa9][0xffffffce][0xffffff9f][0xffffffc6][0xffffffaf][0xffffffbf][0xfffffff7][0xffffffc3][0xfffffff1][0xffffffdc][0xffffffd6][0xffffffbe][0xffffffc5][0x3][0x3]5^Q[\n]"
17:35:06.237 [main] DEBUG org.apache.hc.client5.http.wire - http-outgoing-1 << "[0xffffffce][0xffffffe9][0xffffff89][0x13][0xfffffff8][0xffffff9a][0x1f]lo[0xffffffe6][0xffffff84]c[0xffffffed][0xffffff87][0x0][0xffffffe9][0xfffffff9]S[0xffffffbb][0xfffffff8][0xffffffa2][0x9]}[0xffffffb3][0xffffffb7][0xfffffff1][0xfffffffd]a[0xffffffe0][0xffffff80][0xffffffa7][0xffffff80]o[0xffffff9b][0xffffffbe][0xfffffff8][0xffffff84]q[0xffffff8d][0xffffffab]"W[0xffffffbb]Bi[0xffffffe3][0xffffffe2]+o[0xffffffe9][0xffffff84][0xffffff90][0xfffffffe]npq[0xffffffe7].[0xfffffffa][0xffffffff][0xffffffbd][0xffffff83][0xffffff8f][0xffffffe6][0xffffffa1][|[0xffffffc5]'|[0xffffff98]F[0xffffff83]Op"_q1[0xffffff9f][0xffffff81][0xffffffdc][0xfffffff0][0xffffffad]=[0xffffffc2]fy[0xfffffff1][0x15]S:[0xffffffa3][0xffffffc7]'[0xffffff88][0xffffff99]5[0xffffff86]<[0xffffffc2]D[0xffffffd4][0xffffffca]^q[\r][0xffffffbe][0x1a]Nf[0xfffffff4][0xffffffc4][0x1a][0xffffffcf][0xffffffa3][0x8][0x13]S\[0x8]M[0x6][\r][0xffffff8d][0xffffff98][0x1d][0xffffff8e][0xffffffa2][0xffffffbd]+[0xffffff93][0xffffffc7]h[0x1c][0xffffffce][0xffffffa7]4-[0xfffffff8][0xffffffd4]_<|![0xfffffffd][0xe][0xffffffdf][0xffffffc0][0xffffffc0]z[0xffffffb8]+[0xffffffae][0xffffffd6][0x1d]Nqo[0xfffffffd][0xffffffe1][0xfffffff0][0xffffffe4][0x10][0x14]W[0xffffffa3][0xffffffd5]l[0x1a]z[0xffffffab][0xe]:[0xffffffe9][0xffffff81][0xffffff84]j[0xffffffe2][0xffffff88]G[0x11][0xffffffaa]"
17:35:06.239 [main] DEBUG org.apache.hc.client5.http.wire - http-outgoing-1 << "[0xffffffc9][0x5]?[0xffffff82]P[\r]>[\r][0xffffffc7][0xffffffd4]Z[0xffffffd9]4[0xffffff8b]<[0xffffffdf][0xffffffac]P[0xffffffcd][0xffffffdb][0xffffffda][0xffffffe5][0xffffffd9][0xffffffe8][0xffffffe1][0xfffffffc][0xffffffec][0xffffff96][0xffffffa8][0xffffffc1]9[0xffffffa1][0x1a][0x11][0x7][0xffffffbb][0xffffffe6]y[0xffffffa1][0xffffff9a][0xfffffffe][0xffffffa0]9l[0xffffffda][\r]0[0xffffffc5][0xfffffff4][0xffffffa1]]u[0x1c][0xffffffcb][0xffffffa8][0xffffffe9]5[0xffffffb3]fX[0xffffffce][0xffffffb0]e[0xffffffd6][0xfffffffb]M[0xffffffa3]_[0xffffffb7][0xffffff9d]F[0xffffff95][0xfffffff2][0xffffffc4]3[0xffffffba]7"[0xffffff9c]R[0xffffffb4]![0xffffffad][0xffffff9e][0xffffff9d][0xfffffff2][0xffffff92][0xffffff89][0x1e][0xffffffc2]"?[0xfffffffb]s[0xffffff84][0xfffffff3]![0x0];J[0xffffffd1]f[0xffffff85]6V>[0xffffffd3]nWU[0xffffff88][0xffffffb4][0xffffffad]w[0xffffffd7][0xffffff85]H[0xffffffaf][0xfffffffd]#dfl[0xffffffa7]hc[0xffffff95][0xfffffff4]Z[0x7]<_[0xffffff88]:[0xffffffe8][0xffffffac][0xffffffe8]P[0xffffffa4]h[0xffffffa3][0xffffffb7]J[0xffffff86]Ng[0xffffff99][0xfffffff5][0xffffffb6][0xffffffce][0xffffffe9][0xffffffc5]GP[0xffffffb4][0xffffffa9]6[0xffffffab]u[0xffffffa3][0xffffff96][0xffffffe8]+[0xffffffc8][0xffffffc3]-[0xffffff92][0x1c][0xfffffff4][0xffffffcb][0xffffffb3][0xffffff9f][0xffffffcc][0xfffffff3][0xffffffce][0xffffff87]5[0xfffffffa][\n]"
17:35:06.239 [main] DEBUG org.apache.hc.client5.http.wire - http-outgoing-1 << "@[0xffffffaf]=[0x14]m[0xffffff92][0xfffffffe][0xffffff94][0xffffff80][0xffffffac][0xfffffff4][0xffffffb9]R[0x9]0[0xffffff85]f+[0xffffffe5][0xfffffff9][0xfffffff2][0x10][0xffffffa4][0xffffff92]}[0xffffffff][0xffffffab][0xffffff93]}[0xffffff91]jf[0xffffffe9]fA[0x12][0xffffff84][0xffffffa1][0xffffffeb]F[0xffffffad]([0x5]"E[0xffffffbc][0x1a][0xffffffc4][0xffffffb5][0xffffff8a]S [0xffffffb2][0xffffffe7][0xffffff98][0xffffff9c][0xe]|[0xffffff8c][0x14][0x8]@[0xffffffd7][0xffffff92][0xffffffd2]M[0x1][0xffffff9c][0x1d]b-[0x1e]k[0xffffff8b][0x9][0xffffffe8]M[0xffffffd2][0xffffffcd][0xffffffe4][0xffffffe1][0xe]H[0xffffffbc]&[0xffffffd9]7[0xffffffa9][0xfffffffa]NJ7[\n]"
17:35:06.239 [main] DEBUG org.apache.hc.client5.http.wire - http-outgoing-1 << "[0xffffff89]U[0xffffffc6][0xffffffaf][0xffffffca][0xfffffff8][0xfffffffd][0xffffffc3]g[0xfffffffc]n[0xffffffd6][0x1c]3[0xffffffaa][0xffffffb5][0xffffff96]a[0x14] q[0xffffffcd]hP[0xffffffda][0xffffffef]A[0xffffffb0][0xfffffff8]h[0x2]8k[0xffffffb1][0xfffffff8]8[0x2]8[0x2]|[0x13][0x1][0x1c]y[0xffffffb8][0x3][0x16][0xffffffaf][0x11][0xffffffc0]!,V[0x2]8[0xffffffb1][0xffffffaa]r[0xfffffff6][0x19][0xffffffa3][0xffffffde][0xfffffff0]3+}[0xffffffe2][0xffffff83][0xffffff83]}[0xffffffae]4k3[\n]"
17:35:06.239 [main] DEBUG org.apache.hc.client5.http.wire - http-outgoing-1 << "[0xffffffc8][0x7f]t[0xffffffed][0xffffff85]-[0xffffff90][0xffffffb8]Y[0xffffffad]B6v91[0x18]([0xffffffcc][0xffffffca][0xffffffad][0xffffffcb]y[0xffffffc1];/[0xffffff8a][0xffffffab]/[0xffffffbd](>[0xffffff9a][0xfffffffe][0xffffff8d][0xffffffc0]][0x12][0xffffffce]f[0xfffffff1]Gy[0xffffffb8][0x3][0xc][0xffffffd3][0xffffffa6][0xffffffee][\n]"
17:35:06.240 [main] DEBUG org.apache.hc.client5.http.wire - http-outgoing-1 << "[0x1d]2[0xffffff82]al[0xffffffc0]+[0xfffffffd][0xffffff9b][0xffffffc9][0xffffff82][0xffffffc2][0xffffffb8][0xffffffc2]`[0xffffff85][0xffffffc1][0xffffffeb]%[0xffffffe2][0xffffffff][0x8][0xffffffbb][0xffffffac][0xffffff94]:[0x7][0xffffffe2]E[0xffffff91][0x2][0xffffffef]&e[0x6][0xffffffcb]j[0xffffffd5][0xffffffeb][0x5]b[0xffffff90][0xfffffff5]F[0xffffffab]Y?[0x8][0xfffffffe][0xffffffb2][0xfffffff8][0xfffffff8]KnJ[0xffffffa4]0v[0xfffffff8][0xfffffffd][0x8][0x12],[0xffffffcf][0xffffff80]/[0xffffffb6]m6[0xffffff8a][0xffffff8f][0xffffffc5];[0xffffffc3][0xffffffb4][0xffffffa9][0xffffffbc][0x1e]|[0xffffffb7][0xffffff97][0xffffffbf]Q[[0x11]j+BmE[0xfffffffc][0xffffffe1][0xffffffb7]"6[0xffffff81]oUo[0xffffffea]UHh[0xffffffe5][0xffffffc5][0xffffffc7][0xffffffe0][0xe]S[0xffffffaf]6[\n]"
17:35:06.240 [main] DEBUG org.apache.hc.client5.http.wire - http-outgoing-1 << "[0xffffffe5][0x1f]w^[0xfffffffe][0xfffffff2][0xffffffbe][0xfffffff1][0xb][0xffffffc3][0xffffffef]qdq[0xffffffc4][0xffffffd7][0xffffffff][0x3][0xffffffca][0xffffffe2][0xffffff88][0xffffff80]E[0xffffffb2]8[0xffffffbd]A[0xffffffaf]^[0xffffffed][0xf][0xffffff8d]z[0xffffffaf][0xffffffde][0xffffffdc]M[0x16]'{e[0xffffffbf]j7[0xffffffa0][0xffffffe2][0xffffffd9][0xffffffb3][\r][0xffffff90][0x19][0xffffff86][0x10][0xffffffc5][0xffffffe9][0xfffffff5][0xffffff9d]z[0x1d][0xffffffcc][0xffffff87]j[0xffffffdf]Neqnn[0xffffff90][0xffffffd6][0xffffffc0]b[0x1c][0xffffff82]g[0xffffffc7][0xfffffff9][0xffffffda]A[0xfffffff8][0xffffffbf][0xffffffe0]0[0xffffffaf][0xffffff92][0xffffffc3][0xffffffd2]0$s[0xffffffb2][0xffffffb3][0xffffffc0]I[0xffffff92];[0xffffff9b]H[0xfffffffc][0x1c]:u[0xfffffff6][0xffffffd5][0xffffffce][0xffffffaa])$[0xffffff9a]B[0xffffffca][\n]"
17:35:06.240 [main] DEBUG org.apache.hc.client5.http.wire - http-outgoing-1 << "[0xffffffb6]v[0xffffff9d][0x8][0xffffffa6][0xffffffa4][0x12]D[0x1b][0xfffffff2][0xffffffac]YS&[0xffffffac][0x18]u[0xffffffa3][0xfffffff1]*#w2#2U[0x1f][0xffffff9a][0x1f][0x1]e[0xffffffd2][0xffffff93][\r][0x15][0x12][0xffffffbf]Iq[0xffffff88][0xfffffff4]g[0xffffffb0]Fb[0x5][0xffffff93][0xfffffff8]/v"[0xffffffc4][0x12][0xffffff82]sU[0xffffffbe]I[0x4][0xffffff80]H=('[0xffffffc1][0xffffffc2][0xffffff87][0xffffff90][0xffffffd6]I[0xffffff85]X[0xfffffffe][0xffffffd6][0xffffffe9][0xffffffbc][0xffffffd7][0xffffffba][0x7f]C~x[0x17][0x11][0xffffffff][0xffffff81][0xffffffda][0x8][0xffffff91][0x1]J4[0xffffffa7][0xffffffbf]1U[0xffffff9c][0xfffffffe]i[0xb][0xffffffe2]&[0xffffffa4]) r=[0x7][0xffffff94][0xffffffb7][0xffffffce][0xfffffff9][0xfffffffa][0x1e]K[0xffffffc9][0x14][0x5][0xffffff94]Y[0xfffffff5]BFF[0xffffffaa]\p:?[0x9][0x12][0xffffff90]4[0xf]%[0xffffffe7][0xffffffdf][0xffffff8f][0x1d][0x14][0x1a][0xffffff90]<[0xffffff90][0xffffffac] 5j[0xffffffa6])N[0xffffffdf][0xffffffbf]K[0xffffffb2][0xffffffda]I[0xffffffac][0xffffffc6][0xffffff9e]Bx[0x5]%[0xffffffe6][0xffffff89]v[0x19][0xffffffd5][0x1f];[0xffffffea][0xffffff8f]3[0xffffffc2][0x2][0xffffffcb][0xffffffb7][0x1f]:v[0xffffffd0][0xffffff87][0xffffff88][0x8][0xffffffe4][0xffffff82]P[0xffffff95][0xb]w4[0xffffffc6]m[0xfffffffc][0xfffffff3]?[0xffffffff]g[0x8][0xfffffffd][0xffffff93][0xffffffa1][0xffffff8d]dsT[0x0][0xffffffe3][0x17][0xffffffb4]<[0xffffffce][0xffffffc3]M[0x1b][0xffffffe3][0xffffff9d][0xffffff90][0xfffffff7][0xfffffff1]|[0xffffffe1][0x11][0xffffff91][0x13][0x13][0xffffff89][0xffffffa5]u0.H-`[0x4][0x2][0xffffffe0]tA<I[0xffffffb4](g[0xfffffff7][0xffffffb3][0xffffff86][0x15][0xffffffb5]'[0xffffffec]s|[0xffffffcd]C[0xffffffe2]B[0xffffffa2][0xffffffd3][0xffffff90][0xffffff8d][0x1e]ge[0xffffffcb]:b [0xffffff88][0x18][0xffffffd4]Qq][0xffffffe3][0xfffffff3]C[0xffffff96]e[0xffffff80][0xffffffc2][0x9][0xffffffa8][0xffffffdf]$v[0x10][0xffffffcb][0xffffff96][0xffffff88][0xffffffbb][0xffffffe5][b[0xffffffa9][0xffffffa3][0xffffffe4][0xffffff9e]4[0x1e][0xffffffc1]$[0x10]A[0x6]Sa;[0xffffffbd]OM3[0xffffffca]Z[0xffffffb7]B:Q[0xffffffd2][0xe]#[0xffffffac][0xffffffc8][0xffffffaa][0xffffff94][0xffffff91][0xfffffff8]]![0xffffffcd][0xe],[0xffffffda][0xffffffc3][0xffffffca]9[0xffffffb5]O[0xffffff9c][0x17]_B[0xffffff8f]vE[0xfffffffd]4[0xffffffcd]D[0xffffff80][0xffffffff][0xfffffff5]o[0xffffff97][0xffffffe7]o[0xffffff9f][0x15][0xffffffc5]ZU[0xffffff8d][0xffffffb8][0xffffffd7][0xffffffb6][0xffffffad]Numuv[0xffffff89]&n03[0x10][0xffffffb3]\[0xffffffc7][0xffffffd5][0xffffffa3]0[0xffffffab]"[0xffffff94][0xffffffb1][0x19][0xffffff81][0xffffffd2][0x12]x[0xffffffa4][0xffffffd0]PY[0xffffffea][0x1d]Q[0xffffffce][0xffffffbb][0xffffff88]:[0xffffff89][0x6][\n]"
[...]
17:35:06.508 [main] DEBUG org.apache.hc.client5.http.wire - http-outgoing-1 << "[0xffffffd6][0xffffff9a][0xffffffaa][0xffffff99]V[0xffffffc2]:[0xffffffb0][0xffffffa3]R`}[0xfffffff9]z[0xffffffdd];[0xffffffbd][0xffffffca]e[0x1d][0xffffff98]}[0xffffff95]d[0x1d]$[0xffffffeb] Y[0x7][0xffffffc9]:[0xffffffc0][0xffffff95]j;[0xffffffc1][0xffffffad]|[0xffffffba][0x4][0x12][0xffffffb8][0xffffff8c][0x16][0xffffffc1][0xffffffd1][0xffffffce]:[0x1b]9[0xffffffcb]E[0xffffffc0]m^j[0x1a])[0x15][0xb]=d[0x1][0xffffffdc]q[0x1b][0xffffffee][0x7][0xfffffff1][0xc][0xffffffeb][0xffffffec][0xffffffba]H[0x7][\n]"
17:35:06.508 [main] DEBUG org.apache.hc.client5.http.wire - http-outgoing-1 << "[0xffffffe0]VI:P[0x7f]E[0xffffffa4][0x3][0xffffff95][0xfffffff4]xG>J[0x1f][0xffffff83]U8[0xffffff80][0xffffffe1]SR[0xffffffcd]c[0xffffff87]9[0xfffffff8][0x19][0xfffffff4][0x2][0xffffff98][0x3]fl[0xffffff85][0xffffffa4][0x0][0xffffff8f][0xffffffd2][0x1b]"[0xffffffb8][0xffffff99])[0xffffffa3][0x10][0xffffffd5]6[0xffffffd2]<[0x2]*[0xffffff9b][0x4]!r[0xffffffde][0xffffff91][0xffffffae]@D[0x5][0xffffff8a][0xffffff93]x[0xb]F6|8{}[0xffffffda]=K[DM[0xffffffdc]%%SP)[0x11][0xffffff98]@[0xffffffa1]s[0xffffffaa][0xfffffffe][0xffffffe1][0xe]y[0xffffff9f][0xffffffdc][0xffffffcf][0xffffff89]_[0x4]I[0x8][0xffffffdb][0xffffff97][0x10][0xffffffb5]<[0xffffffb6]=[0xffffffa4][0xffffffaa]I>[0xffffffd0]m[0xffffffbb]mU[0xffffff99]|[0xffffffc0];[0xffffffac][0xffffff87][0xffffffc1][0xffffffd8][0xffffffea][0xffffffbb]z[0x6][0xffffffc3]J[0xffffffea]h[0xffffffa0]J&=[0xffffff96]=[0xc][0xffffffc6][0x3][0xffffff92][0xf][0xffffffac][0xffffffde]eN[0xfffffff2][0x1][0xffffffef][0xffffffa5][0x1c][0xffffff83][0xffffffc1][0xffffffdb]J[0x6]C:?[0x1]j[0xffffffbc]a[0x19]U[0xfffffff2][0xffffff8e]1[0x9]f[0x1a]NE[\n]"
17:35:06.508 [main] DEBUG org.apache.hc.client5.http.wire - http-outgoing-1 << "[0xffffffc5][0xfffffffd][0xffffffdc][0xb][0xffffffbf]"
17:35:06.517 [main] DEBUG org.apache.hc.client5.http.wire - http-outgoing-1 << "|n[0xffffff92]V[0xffffffeb][0xb]`p[0xffffffcb][0xffffffb1][0xffffffe4][0xffffffa8][0xffffff9e][0xffffffa5][0xffffffe5]I}[0xffffff96]'[0xffffff87][0xffffffb3][0x1b],[0xffffffd0][0x17][\r][\r][0xffffffd9][\r][0x16][0xffffffca]][\n]"
17:35:06.518 [main] DEBUG org.apache.hc.client5.http.wire - http-outgoing-1 << "[0x9][0xffffffc2].[0xffffff83][0xffffff91][0xffffffb4][0xffffffb2];X6X[0xffffff8c][0xffffffe7][0xffffffa8][0xffffff81][0xffffffc1][0xffffffd0]4[0xffffffcb][0xffffffd9][0xffffffb8][0xffffff88][0xfffffff0][0xffffffa3][0x12][0xffffffbb][0xffffffac]5x^#[0xffffffdf]E[0x4][0xffffffd0]'[0xffffffb3][0x1b][0xffffffc0]Knr6[0xffffff9e][0xffffffe4][0x6],[0xffffffb3][0x1b][0xffffffb0].[0xffffffdf][[0xffffffb8]1~B_[0xffffffed][0xffffffdc][0xfffffff4]-'a[0xffffffed]q[0xfffffff1]=[0x14][0xffffffb4]j[0xffffffa1][0xfffffffa]6[0x15][0x1b][0xffffffdf][0xffffffd9][0xfffffffb]8NN[0xffffffae]x[\n]"
17:35:06.518 [main] DEBUG org.apache.hc.client5.http.wire - http-outgoing-1 << "[0xffffffc7][0xffffffb0][0xfffffff7]1s[0xffffff8d][0xffffff99]2m[0xffffffea][0xffffffaa][0xffffffd2][0xe]dJ[0xffffff82]V[0x19][0xffffff94][0xffffffaa]2p[0x5][0x10][0xffffffb5]7V[0x1f][0xfffffffc][0xffffffa8]$[0xffffffa4][0xffffffea]yV[0x1f][0xffffffea][0x9][\r]V[0xffffffb2][0xc]2[0xffffffb7]A[0xffffffe6]6[0xffffffc8][0xffffffdc][0xffffff86][0x5][0xffffffb9][0xffffffa9]?[0xffffffcd][0xffffff98][0x9],[0xffffff83][0xffffffaa][0xffffffe6][0x5][0xffffffab]T'[0xffffff87]e[0xffffffd8]^x[0xfffffff2]j[0x18]Y[0xffffff96]![0xffffffd3][0xffffffa6].[0xffffffa7][0xfffffff5],`[0xffffffd7][0xffffffc0]2[0x0][0xffffff9e][z[0xffffffc2]2[0xfffffff0][0xffffffa3][0xffffff92]`[0xffffff8d]z[0x19][0xffffffbb],[0x3][0xffffffd4][0xffffff8b][0xffffff84][0xffffffd6][0xffffff92]f[0xffffff90][0xfffffff5][0xffffffd7][0xffffffa5]+[0xffffffd3][0xffffffde]e|6[0xffffffde][0xfffffff1][0xffffffcd][0xffffffa4][0xffffffa2]=[0xffffff8d]f0[0xffffffc9]'.[0xffffffbb][0xffffffd4]6[0xffffff9c][0x16]b[0xffffff98]Y~8AeX[0xffffffe5][0x19][0xffffffa2][0xffffff8e]Q!r[0xffffffb3]6[0xffffff96]Z[0xffffff93][0xffffff9c]g[0xffffff83][0xffffffdc][0x19]@[0xffffffac]6[0xffffffb9][0xffffff81][0xffffff87]Y[0xffffffab][0xffffffe3][0x19]x[0x7f])[0xffffff9e]![0xffffff95]t b[0xfffffff5]n8[0xffffffa6]R[\r]T$=[0xffffffae][0xffffffb4][0x1d]W[0xffffffd7]~[0xffffff83][0xffffffff][0x16][0xffffffa4][0xffffff88][0x1]Q+c[0xffffff8a][\n]"
17:35:06.518 [main] DEBUG org.apache.hc.client5.http.wire - http-outgoing-1 << "(p=[0x12][0xffffffc5][0xffffffc4][0xffffffa9][0xffffff9c][0x6]U[0xffffffd0]H[0x15][0xfffffffc]&[0xffffffed]'[0x11][0x8][0xffffffcb]`[0x10]L[0xffffffb7][0xffffffcf][0x17][0xffffffe7][0xffffffe6][0x17][0xfffffffb].tE[0xffffffaa][0xffffff84]A[0xffffffd0][0xffffffda][0xffffffaa]i1[0xffffffb5]TE9[0x10][0xffffffa2][0xffffffc3]Z[0x18][0xffffff84][0xffffffed][0xffffffbe][0xffffffab]g[0x10][0xffffffcc][0xffffffc4][0xffffffbe]H\[0xffffffa9][0xffffff98]A8C[0xfffffffe][0xffffffc3]{[0xffffffb8][0xffffffa2][0xffffffb3][0xffffffbc][0xffffffc7]m[0xfffffffb]"[0xffffffde]K[0x9][0x6][0x1]gJ[0xffffffee]@r[0x7][0xffffff92];89[0xffffffe8][0xffffff80][0xffffffff]wZ6[0xffffff94][0xffffffe2][0xe][0xffffffd4][0xffffff86][0xffffff8a][0xffffffbc][0x6][0xffffff95][0xffffffb1][0x2],}1[0xffffff97];[0xffffff88][[0xffffff99][0xffffff9a][0xffffffc8][0xffffff91][0xffffffa8][0xffffff9e];hk[0xffffffba]i[0xffffffc4]jZ~px[0xffffffe7][0xfffffff4]i[0xffffffdd][0xffffffbd]}[0xffffffff][0xffffffd8][0xffffffbd][0xffffffff]!G[0xffffff9f][0x5]x[0xffffff94][0xffffffcc][0xffffff81]d[0xe][0xffffffe2][0xffffff94][0xffffffae]$[0xffffffce]_[0x19][0x11]*[0xffffff99][0x3][0xffffff91]-[0x17]?[0xffffff88]g[0xffffffae][0xffffffe9][0xffffffd0]2M[0xffffffcb][0xffffffc9][0xffffffab][0xfffffff9][0xffffffe7][0x18]9&[0x1b][0xffffffd8][0xffffffce]p[0x14]#[0xffffff87][\r]${[0xffffffe5][0xffffffc9]]3m[0xffffffea]*[0xffffffe9][0x0]dJ[0xffffff98][0xffffff83][0xc]JU[0xffffffc8][0x1c][0x0]C[0xffffffb5][0xffffffc4]i[0xffffff8e][0x1f][0xffffff94][0x3][0xffffffd4]3[0xffffffe3][0xffffffe2]u[0x11][0xffffffa0]J[0xffffffde]@[0xfffffff2][0x6][0xffffff92]7[0xffffff90][0xffffffbc][0xffffffc1]1[0xffffffbc][0xffffff81]a[0xffffffc2]^c7[0xfffffffa][0x4][0xffffffbb][0xffffffb6]|[0xffffffde] ^t"7[0xffffffd7][0xffffffc8]u[0xffffffd6]H[0xffffffe0]Z[0xffffffed][0xffffffa0][0xffffff8d]U[0x17][0xffffffd1][0xffffff9b][0xffffff85][0xffffffeb][0xffffffea]y[0x3][0xffffffa0][0xffffffb3]n[0xffffffc5][0xffffffb4][0x1]?([0x7][0xffffffd5][0xffffffe7]Z[0xffffffef]}[0x11]TK[0xffffffd2]@[0xffffff92][0x6][0xffffff92]4[0xffffff90][0xffffffa4][0xffffffc1]C[0xe]V?[0xffffff85]4hkL[0xffffffe2][0xffffff9c]%[\r],[0xffffff9b][0xffffffcc][0x9]rH[0xffffff83]$V[0xffffff80][\n]"
17:35:06.518 [main] DEBUG org.apache.hc.client5.http.wire - http-outgoing-1 << "[0xffffff93][0xffffff87]`[0xffffffdb]DamV[0xffffff85][0xffffffb2][0xffffff86][0xffffffdc][0xffffff84],l[0xffffffd7][0xffffff93][0xffffff9b][0xffffffc0][0xffffff83][0xffffffb0][0xffffffd5]q[0x6][0xffffffbc][0xffffffbf]|[0xffffffce][0xffffffe0][0xffffffe3]'[0x7f]A[0xffffffb5][0x1c][0x16]>[\n]"
17:35:06.518 [main] DEBUG org.apache.hc.client5.http.wire - http-outgoing-1 << "9[0xffffff8c][0xffffff95]`A[0xfffffff5][0x19][0xffffffdc][0xffffffa9][0xffffffe2]/[0xffffffbd][0x19]K&[0xffffff98][0xffffffe0]][0xffffff87][0x15][0xffffff99][0x16]!2M[0xffffffee][0xffffffd4][0xffffff95][0x6][0xffffffec][0xffffffa9][0xffffffc3][0xffffffba][0x2][0xfffffff6][0xffffffa9][0xffffffbe][0xffffffeb][0x8][0xffffffd8][0xffffffc7][0xffffffc5][0xffffff9e][0xffffffc5]c[0xffffffd9][0x1f][0xffffffb0]?[0x7f][0xffffffec][0xffffff9e]2;[0xffffff8e]l[0xffffffc0][0xffffff9e]z[0xffffff91][0x1][0xfffffffb][0xffffffa5]7[0xffffffbc][0x4][0xffffff87][0xffffffe5][0xffffff85]x[0x1a][0xffffff93][0xffffffe5]l[0xffffff9a]Q[0xffffff9d][0xffffffcb][0xffffffe4]o[0xffffff99][0xfffffffc][0xfffffffd]M&[0x7f][0xffffff97][0xf][0xffffffd8]kFG'[0xffffffca]}[0x7f][0xffffffc0][0x1e][0xffffffad][0xffffff8c]V[0xffffffc7][0xffffffaa][0xffffffa9][0xffffffcc]s[S7nE[0xfffffffc][0xffffffa0][0xffffffd4][0xffffffa6][0xffffffe5]t[0xfffffffc]xQ[0xffffffb0]i[0xffffffd1][0xffffffa4].U[0xffffffee]Y[0xffffffe4][0xffffff9e]E[0xffffffee]Y[0xfffffff2][0xfffffff6],[0xffffff87][0x12][0x9][0xffffff9c]V[0xffffffcb]6s[0xffffffe2]KZ[0xffffffcb]h[0x15]oT8F[0x1a]{[0xffffffe9][0x0][0xffffffde][0xffffff86]kWk[0xffffffd9][0xffffffa8]l*<[0xffffff9b][0xffffffa8][0xffffffc2][0x19][0xffffffc7][0xffffff97][0xfffffffe]dk[0xffffffc5][0xffffffbe];[0xffffffcd].[0xffffff90]2^[0xffffffec][0xffffff8c][0xffffffb3]n[0xffffffce][0xffffff82]G[0x7f]:u[0xffffff9b]c*}6[0xc]}[0x8][0xffffff84][0xffffff9a][0xffffffe2][0xfffffff4]&TS[0xffffffe8][0x18][0xffffffab][0xffffffad]*[0xfffffff7])[0xffffffd4][0xffffff9f][0xffffffd8][0xffffffa7]\[0xffffffcc][0xffffffa7][0xf]J[0xffffffcf][0x1f]O[0xffffff96][0xfffffff8]'Y[0xffffffae][0xffffff9e]zwgC[0xffffff9f][0xffffffb6]',[0x7f]9[0x18][0xffffff8d][0xfffffffc][0xffffff81][0xffffff8f][0xffffff9d]J[0xffffffb4]Z,[0xffffff82][0x10][0xffffffeb][0xffffffbf][0x13][0xffffffe5][0x2][0xffffffb2][0xffffffa5]0[0xffffff96]1E[0xffffffca][0xffffffcc]}P[0xffffffee][0xffffff83][0xfffffff0][0x13][0xfffffff2][0xffffffa3][0xffffff97][0xffffffec][0xffffff9c]y[0xffffffb0]T[0xffffffbc]5U[0xffffff8c][0xfffffff5][0xffffffa9][0xffffffd7][0xffffffcd][0xffffff99]U[0xffffffed]oZ[0xe]L[0xffffffda]+4e[0xffffffd5]x[0xffffff87][0xfffffff5][0xffffffec]o[0xffffffb6][0xfffffffa][0xffffffae]c[0x7f][0xffffff93][0xffffff94][0xfffffffe][0xffffffe6]W[0xffffffda][0xffffffb3][0xffffffbf]1{[0xffffff8f][0xffffff83]u[0xffffffae])[0xffffffab][0xffffffc9][0x12][0xffffffa3]K[0xffffffec]o[0xffffffd8]|[0xffffff94][0xffffffa6][0xffffffac][0xffffff93]U[0xffffff9f][0x15]"[0xffffffda][0xffffffb5][0xffffff9e]}R[0xffffff8e]_V[0xfffffffa][0xffffff9a][0xffffff9c][0xffffff8c][0xffffff97][0xffffff91][0xffffffd4]N;&[0xffffffb3][0xfffffff7][0xffffffeb][0xb][0xffffffaf]e[0xffffff87]F[0xffffffc5]e[0xffffffa3][0xffffffcf]0[0xffffff8c][0xffffff91]?[0xfffffff2][0xffffffdf][0xffffffec][0xffffff8f]|[0xffffff99]][0xffffff8e][0xffffffda]n[0xffffffe8][0xffffffad]K[0xfffffffa][0xffffffdd]u:[0xffffffbc][0xffffffd6]E[0xffffff9e],)i[0x5][0xffffffbb]A[0xffffff93]i[0xffffff8f]k[0xffffff90]%[0xffffffa9][0xffffffaa][0xffffffe1][0xffffffd0][0xffffffaf][0x4]U[0xffffffda]n[0xffffffb3][0xffffff83][0x12][0xffffffbb][0xffffff9c]{[0x8]6[0xffffff8d][0xffffffde]8[0xffffff9f][0xffffff9a][0xffffff91][0x9][0xffffffcd][0x4]z2[0xffffffa1][0xffffff99]9MKYRN->[0xffffffef][0xe]&:[0xfffffff8][0xffffff9d]X`[0x19][0xffffffeb][0xe][0x1e][0xffffffc8][0xffffffa6]"[0xffffffa3]-*[0xfffffff3]s[0xfffffff6][0x1f][0xffffff93]%[0x19]m=[0xffffffcf]4[0xffffffd5]pr[0xffffffcc][0xffffff9c][0xffffffac][0x6]G1[0x10][0xffffffd8][0xffffffa8][0x7f]m[0xffffffe6][0x16]k[0xffffffdb]nS[[0xffffff96][0x5][0xffffff96]d)Y[0xffffffd2][0x16]JU(Kj[0xffffffb5][0xffffffdb][0xffffffba][0x11]W[0xffffffef][0xffffffe5][0x7][0xffffff87][0x1]ul![0xffffff95][0xfffffff9][0xffffffb1][[0x8][0xffffffa8]R[0xffffff96]$eIR[0xffffff96]$eI9T[0xfffffff7][0xffffffe1][0xffffffb0][0xffffff91]c[0xffffffa8]9p[0xffffff8d][0xffffffed]<R[0xffffffe5]v[0xfffffff9][0xffffffed][0xfffffff4][0xffffffa2]Scu3w[0xffffff93][0xffffffe2][0xffffffd2]mt[0xffffffe6][0xffffffb5]SK[0xffffffd8]h[0x1b][0xffffffae][0xffffffab][0xffffff97]%[0x1][0xffffff9d][0xffffffad][0xffffffc4][0xffffffcd][0xffffff87][0x1f][0xffffff94][0xffffff83][0xffffffea]+[0xffffffbd][[0xffffffa0] [0xffffff95][0xffffffb9][0xffffffcc][0xffffffbc][0xffffff90][0xffffff86][0xffffffe4]8%[0xffffffc7][0xfffffff9]Mr[0xffffff9c]{[0xffffff9c][0xffffff82][0xffffffd6][0xffffff8d][0xffffffa7][0xffffffc8][0xffffff92]Z[0xffffff96][0xffffffa3][0xffffffe7][0x14]j[0xffffff83][0xffffffe6][0x1d][0x7f]-[0xffffff84]m[0xffffff98][0xffffffa4][0xffffffa1]:AA[0xffffffb4]_[0xffffffc0]6[0xffffffda] [0xffffffdf][0xffffffb9][0xffffffae][0xffffffd2][0x4][0xffffffd9]Uv][0xffffffb2][0xffffffa4]j-Sy[0xffffffb8][0xfffffff6]?[0x15][0xffffffee][0xffffffff][0xfffffff3][0xffffffff][0x0]e[0xffffffec][0x5][0xffffffef][0xffffffad]#[0x5][0x0]"
17:35:06.535 [main] DEBUG org.apache.hc.client5.http.impl.classic.InternalHttpClient - ep-00000001: releasing valid endpoint
17:35:06.536 [main] DEBUG org.apache.hc.client5.http.impl.io.PoolingHttpClientConnectionManager - ep-00000001: releasing endpoint
17:35:06.536 [main] DEBUG org.apache.hc.client5.http.impl.io.PoolingHttpClientConnectionManager - ep-00000001: connection http-outgoing-1 can be kept alive for 3 MINUTES
17:35:06.536 [main] DEBUG org.apache.hc.client5.http.impl.io.PoolingHttpClientConnectionManager - ep-00000001: connection released [route: {s}->https://api.github.com:443][total available: 1; route allocated: 1 of 5; total allocated: 1 of 25]
17:35:06.550 [main] DEBUG io.github.bonigarcia.wdm.WebDriverManager - Driver to be downloaded geckodriver 0.26.0
17:35:06.601 [main] INFO io.github.bonigarcia.wdm.WebDriverManager - Exporting webdriver.gecko.driver as /home/javi/.m2/repository/webdriver/geckodriver/linux64/0.26.0/geckodriver

  .   ____          _            __ _ _
 /\\ / ___'_ __ _ _(_)_ __  __ _ \ \ \ \
( ( )\___ | '_ | '_| | '_ \/ _` | \ \ \ \
 \\/  ___)| |_)| | | | | || (_| |  ) ) ) )
  '  |____| .__|_| |_|_| |_\__, | / / / /
 =========|_|==============|___/=/_/_/_/
 :: Spring Boot ::        (v2.1.3.RELEASE)

2020-06-11 17:35:08.417  INFO 30148 --- [           main] o.a.maven.surefire.booter.ForkedBooter   : Starting ForkedBooter v2.22.1 on HP with PID 30148 (started by javi in /home/javi/Downloads/javier.montes)
2020-06-11 17:35:08.423  INFO 30148 --- [           main] o.a.maven.surefire.booter.ForkedBooter   : No active profile set, falling back to default profiles: default
2020-06-11 17:35:08.641  INFO 30148 --- [           main] .e.DevToolsPropertyDefaultsPostProcessor : For additional web related logging consider setting the 'logging.level.web' property to 'DEBUG'
2020-06-11 17:35:11.398  INFO 30148 --- [           main] o.s.b.w.embedded.tomcat.TomcatWebServer  : Tomcat initialized with port(s): 8080 (http)
2020-06-11 17:35:11.488  INFO 30148 --- [           main] o.apache.catalina.core.StandardService   : Starting service [Tomcat]
2020-06-11 17:35:11.490  INFO 30148 --- [           main] org.apache.catalina.core.StandardEngine  : Starting Servlet engine: [Apache Tomcat/9.0.16]
2020-06-11 17:35:11.518  INFO 30148 --- [           main] o.a.catalina.core.AprLifecycleListener   : The APR based Apache Tomcat Native library which allows optimal performance in production environments was not found on the java.library.path: [/usr/java/packages/lib:/usr/lib/x86_64-linux-gnu/jni:/lib/x86_64-linux-gnu:/usr/lib/x86_64-linux-gnu:/usr/lib/jni:/lib:/usr/lib]
2020-06-11 17:35:11.758  INFO 30148 --- [           main] o.a.c.c.C.[Tomcat].[localhost].[/]       : Initializing Spring embedded WebApplicationContext
2020-06-11 17:35:11.761  INFO 30148 --- [           main] o.s.web.context.ContextLoader            : Root WebApplicationContext: initialization completed in 3117 ms
2020-06-11 17:35:12.468  INFO 30148 --- [           main] o.s.s.concurrent.ThreadPoolTaskExecutor  : Initializing ExecutorService 'applicationTaskExecutor'
2020-06-11 17:35:12.700  WARN 30148 --- [           main] o.s.b.a.m.MustacheAutoConfiguration      : Cannot find template location: classpath:/templates/ (please add some templates, check your Mustache configuration, or set spring.mustache.check-template-location=false)
2020-06-11 17:35:12.752  INFO 30148 --- [           main] o.s.b.a.w.s.WelcomePageHandlerMapping    : Adding welcome page: class path resource [static/index.html]
2020-06-11 17:35:13.076  INFO 30148 --- [           main] o.s.b.w.embedded.tomcat.TomcatWebServer  : Tomcat started on port(s): 8080 (http) with context path ''
2020-06-11 17:35:13.083  INFO 30148 --- [           main] o.a.maven.surefire.booter.ForkedBooter   : Started ForkedBooter in 6.221 seconds (JVM running for 10.125)
2020-06-11 17:35:21.413  INFO 30148 --- [ null to remote] o.o.selenium.remote.ProtocolHandshake    : Detected dialect: W3C
2020-06-11 17:35:34.467  INFO 30148 --- [ null to remote] o.o.selenium.remote.ProtocolHandshake    : Detected dialect: W3C
2020-06-11 17:35:35.216  INFO 30148 --- [nio-8080-exec-1] o.a.c.c.C.[Tomcat].[localhost].[/]       : Initializing Spring DispatcherServlet 'dispatcherServlet'
2020-06-11 17:35:35.217  INFO 30148 --- [nio-8080-exec-1] o.s.web.servlet.DispatcherServlet        : Initializing Servlet 'dispatcherServlet'
2020-06-11 17:35:35.232  INFO 30148 --- [nio-8080-exec-1] o.s.web.servlet.DispatcherServlet        : Completed initialization in 15 ms
Received message '{"action":"JOIN_GAME","data":{"name":"Alberto"}}' from client 65f743c7-2d8c-0439-93a6-3bec1c9ba051
Sent message '{"action":"JOIN_GAME","data":[{"label":"X","name":"Alberto","id":1}]}' to client 65f743c7-2d8c-0439-93a6-3bec1c9ba051
Sent message '{"action":"JOIN_GAME","data":[{"label":"X","name":"Alberto","id":1}]}' to client c06e7ec3-1e16-1036-63d0-f231ec0c613e
Received message '{"action":"JOIN_GAME","data":{"name":"Montes"}}' from client c06e7ec3-1e16-1036-63d0-f231ec0c613e
Sent message '{"action":"JOIN_GAME","data":[{"label":"X","name":"Alberto","id":1},{"label":"O","name":"Montes","id":2}]}' to client 65f743c7-2d8c-0439-93a6-3bec1c9ba051
Sent message '{"action":"JOIN_GAME","data":[{"label":"X","name":"Alberto","id":1},{"label":"O","name":"Montes","id":2}]}' to client c06e7ec3-1e16-1036-63d0-f231ec0c613e
Sent message '{"action":"SET_TURN","data":{"label":"X","name":"Alberto","id":1}}' to client 65f743c7-2d8c-0439-93a6-3bec1c9ba051
Sent message '{"action":"SET_TURN","data":{"label":"X","name":"Alberto","id":1}}' to client c06e7ec3-1e16-1036-63d0-f231ec0c613e
Sent message '{"action":"RECONNECT","data":null}' to client c06e7ec3-1e16-1036-63d0-f231ec0c613e
]]></system-out>
    <system-err><![CDATA[1591889714020	mozrunner::runner	INFO	Running command: "/usr/lib/firefox/firefox" "-marionette" "-foreground" "-no-remote" "-profile" "/tmp/rust_mozprofileCLqkdl"
1591889721008	Marionette	INFO	Listening on port 45065
1591889721090	Marionette	WARN	TLS certificate errors will be ignored for this session
1591889721585	mozrunner::runner	INFO	Running command: "/usr/lib/firefox/firefox" "-marionette" "-foreground" "-no-remote" "-profile" "/tmp/rust_mozprofileb3kjVV"
1591889734335	Marionette	INFO	Listening on port 45007
1591889734426	Marionette	WARN	TLS certificate errors will be ignored for this session
1591889738296	Marionette	INFO	Stopped listening on port 45065
1591889742105	Marionette	INFO	Stopped listening on port 45007
]]></system-err>
  </testcase>
  <testcase name="SimulacionEmpate" classname="es.codeurjc.ais.tictactoe.TicTacToeHandlerTest" time="26.052"/>
  <testcase name="SimulacionDerrotaJugador1" classname="es.codeurjc.ais.tictactoe.TicTacToeHandlerTest" time="24.595"/>
</testsuite>